TN:
SF:/Users/iasmina/Desktop/vue-movie-app/babel.config.js
FNF:0
FNH:0
DA:1,0
LF:1
LH:0
BRF:0
BRH:0
end_of_record
TN:
SF:/Users/iasmina/Desktop/vue-movie-app/server.js
FN:17,(anonymous_0)
FNF:1
FNH:0
FNDA:0,(anonymous_0)
DA:2,0
DA:3,0
DA:4,0
DA:5,0
DA:6,0
DA:7,0
DA:9,0
DA:10,0
DA:11,0
DA:15,0
DA:17,0
DA:18,0
DA:21,0
DA:22,0
DA:23,0
LF:15
LH:0
BRDA:21,0,0,0
BRDA:21,0,1,0
BRF:2
BRH:0
end_of_record
TN:
SF:/Users/iasmina/Desktop/vue-movie-app/coverage/lcov-report/block-navigation.js
FN:2,init
FN:24,toggleClass
FN:31,makeCurrent
FN:41,goToPrevious
FN:52,goToNext
FN:65,jump
FNF:6
FNH:0
FNDA:0,init
FNDA:0,toggleClass
FNDA:0,makeCurrent
FNDA:0,goToPrevious
FNDA:0,goToNext
FNDA:0,jump
DA:2,0
DA:4,0
DA:7,0
DA:10,0
DA:14,0
DA:20,0
DA:25,0
DA:28,0
DA:32,0
DA:33,0
DA:34,0
DA:42,0
DA:43,0
DA:44,0
DA:45,0
DA:46,0
DA:49,0
DA:53,0
DA:55,0
DA:59,0
DA:62,0
DA:65,0
DA:66,0
DA:69,0
DA:70,0
DA:74,0
DA:75,0
DA:79,0
LF:28
LH:0
BRDA:43,0,0,0
BRDA:43,0,1,0
BRDA:43,1,0,0
BRDA:43,1,1,0
BRDA:45,2,0,0
BRDA:45,2,1,0
BRDA:55,3,0,0
BRDA:55,3,1,0
BRDA:56,4,0,0
BRDA:56,4,1,0
BRDA:66,5,0,0
BRDA:66,5,1,0
BRDA:66,5,2,0
BRDA:66,5,3,0
BRDA:66,5,4,0
BRF:15
BRH:0
end_of_record
TN:
SF:/Users/iasmina/Desktop/vue-movie-app/coverage/lcov-report/prettify.js
FN:2,(anonymous_0)
FN:2,k
FN:2,ab
FN:2,T
FN:2,X
FN:2,(anonymous_5)
FN:2,W
FN:2,(anonymous_7)
FN:2,a
FN:2,aa
FN:2,B
FN:2,o
FN:2,g
FN:2,(anonymous_13)
FN:2,(anonymous_14)
FN:2,i
FN:2,Q
FN:2,ae
FN:2,ad
FN:2,ai
FN:2,D
FN:2,c
FN:2,q
FN:2,d
FN:2,y
FN:2,b
FN:2,Y
FN:2,(anonymous_27)
FN:2,U
FNF:29
FNH:0
FNDA:0,(anonymous_0)
FNDA:0,k
FNDA:0,ab
FNDA:0,T
FNDA:0,X
FNDA:0,(anonymous_5)
FNDA:0,W
FNDA:0,(anonymous_7)
FNDA:0,a
FNDA:0,aa
FNDA:0,B
FNDA:0,o
FNDA:0,g
FNDA:0,(anonymous_13)
FNDA:0,(anonymous_14)
FNDA:0,i
FNDA:0,Q
FNDA:0,ae
FNDA:0,ad
FNDA:0,ai
FNDA:0,D
FNDA:0,c
FNDA:0,q
FNDA:0,d
FNDA:0,y
FNDA:0,b
FNDA:0,Y
FNDA:0,(anonymous_27)
FNDA:0,U
DA:2,0
LF:1
LH:0
BRDA:2,0,0,0
BRDA:2,0,1,0
BRDA:2,1,0,0
BRDA:2,1,1,0
BRDA:2,2,0,0
BRDA:2,2,1,0
BRDA:2,3,0,0
BRDA:2,3,1,0
BRDA:2,4,0,0
BRDA:2,4,1,0
BRDA:2,5,0,0
BRDA:2,5,1,0
BRDA:2,6,0,0
BRDA:2,6,1,0
BRDA:2,7,0,0
BRDA:2,7,1,0
BRDA:2,8,0,0
BRDA:2,8,1,0
BRDA:2,9,0,0
BRDA:2,9,1,0
BRDA:2,10,0,0
BRDA:2,10,1,0
BRDA:2,11,0,0
BRDA:2,11,1,0
BRDA:2,11,2,0
BRDA:2,11,3,0
BRDA:2,12,0,0
BRDA:2,12,1,0
BRDA:2,13,0,0
BRDA:2,13,1,0
BRDA:2,14,0,0
BRDA:2,14,1,0
BRDA:2,15,0,0
BRDA:2,15,1,0
BRDA:2,16,0,0
BRDA:2,16,1,0
BRDA:2,17,0,0
BRDA:2,17,1,0
BRDA:2,18,0,0
BRDA:2,18,1,0
BRDA:2,19,0,0
BRDA:2,19,1,0
BRDA:2,20,0,0
BRDA:2,20,1,0
BRDA:2,21,0,0
BRDA:2,21,1,0
BRDA:2,22,0,0
BRDA:2,22,1,0
BRDA:2,23,0,0
BRDA:2,23,1,0
BRDA:2,24,0,0
BRDA:2,24,1,0
BRDA:2,25,0,0
BRDA:2,25,1,0
BRDA:2,26,0,0
BRDA:2,26,1,0
BRDA:2,27,0,0
BRDA:2,27,1,0
BRDA:2,28,0,0
BRDA:2,28,1,0
BRDA:2,29,0,0
BRDA:2,29,1,0
BRDA:2,30,0,0
BRDA:2,30,1,0
BRDA:2,31,0,0
BRDA:2,31,1,0
BRDA:2,32,0,0
BRDA:2,32,1,0
BRDA:2,33,0,0
BRDA:2,33,1,0
BRDA:2,34,0,0
BRDA:2,34,1,0
BRDA:2,35,0,0
BRDA:2,35,1,0
BRDA:2,36,0,0
BRDA:2,36,1,0
BRDA:2,37,0,0
BRDA:2,37,1,0
BRDA:2,38,0,0
BRDA:2,38,1,0
BRDA:2,39,0,0
BRDA:2,39,1,0
BRDA:2,40,0,0
BRDA:2,40,1,0
BRDA:2,41,0,0
BRDA:2,41,1,0
BRDA:2,42,0,0
BRDA:2,42,1,0
BRDA:2,43,0,0
BRDA:2,43,1,0
BRDA:2,44,0,0
BRDA:2,44,1,0
BRDA:2,45,0,0
BRDA:2,45,1,0
BRDA:2,46,0,0
BRDA:2,46,1,0
BRDA:2,47,0,0
BRDA:2,47,1,0
BRDA:2,48,0,0
BRDA:2,48,1,0
BRDA:2,49,0,0
BRDA:2,49,1,0
BRDA:2,50,0,0
BRDA:2,50,1,0
BRDA:2,50,2,0
BRDA:2,51,0,0
BRDA:2,51,1,0
BRDA:2,52,0,0
BRDA:2,52,1,0
BRDA:2,53,0,0
BRDA:2,53,1,0
BRDA:2,54,0,0
BRDA:2,54,1,0
BRDA:2,55,0,0
BRDA:2,55,1,0
BRDA:2,56,0,0
BRDA:2,56,1,0
BRDA:2,57,0,0
BRDA:2,57,1,0
BRDA:2,58,0,0
BRDA:2,58,1,0
BRDA:2,59,0,0
BRDA:2,59,1,0
BRDA:2,60,0,0
BRDA:2,60,1,0
BRDA:2,61,0,0
BRDA:2,61,1,0
BRDA:2,62,0,0
BRDA:2,62,1,0
BRDA:2,63,0,0
BRDA:2,63,1,0
BRDA:2,64,0,0
BRDA:2,64,1,0
BRDA:2,65,0,0
BRDA:2,65,1,0
BRDA:2,66,0,0
BRDA:2,66,1,0
BRDA:2,67,0,0
BRDA:2,67,1,0
BRDA:2,68,0,0
BRDA:2,68,1,0
BRDA:2,69,0,0
BRDA:2,69,1,0
BRDA:2,70,0,0
BRDA:2,70,1,0
BRDA:2,71,0,0
BRDA:2,71,1,0
BRDA:2,72,0,0
BRDA:2,72,1,0
BRDA:2,73,0,0
BRDA:2,73,1,0
BRDA:2,74,0,0
BRDA:2,74,1,0
BRDA:2,75,0,0
BRDA:2,75,1,0
BRDA:2,76,0,0
BRDA:2,76,1,0
BRDA:2,77,0,0
BRDA:2,77,1,0
BRDA:2,78,0,0
BRDA:2,78,1,0
BRDA:2,79,0,0
BRDA:2,79,1,0
BRDA:2,80,0,0
BRDA:2,80,1,0
BRDA:2,81,0,0
BRDA:2,81,1,0
BRDA:2,82,0,0
BRDA:2,82,1,0
BRDA:2,83,0,0
BRDA:2,83,1,0
BRDA:2,84,0,0
BRDA:2,84,1,0
BRDA:2,85,0,0
BRDA:2,85,1,0
BRDA:2,86,0,0
BRDA:2,86,1,0
BRDA:2,87,0,0
BRDA:2,87,1,0
BRDA:2,88,0,0
BRDA:2,88,1,0
BRDA:2,89,0,0
BRDA:2,89,1,0
BRDA:2,89,2,0
BRDA:2,90,0,0
BRDA:2,90,1,0
BRDA:2,91,0,0
BRDA:2,91,1,0
BRDA:2,92,0,0
BRDA:2,92,1,0
BRDA:2,93,0,0
BRDA:2,93,1,0
BRDA:2,94,0,0
BRDA:2,94,1,0
BRDA:2,95,0,0
BRDA:2,95,1,0
BRDA:2,96,0,0
BRDA:2,96,1,0
BRDA:2,97,0,0
BRDA:2,97,1,0
BRDA:2,98,0,0
BRDA:2,98,1,0
BRDA:2,99,0,0
BRDA:2,99,1,0
BRDA:2,100,0,0
BRDA:2,100,1,0
BRDA:2,101,0,0
BRDA:2,101,1,0
BRDA:2,102,0,0
BRDA:2,102,1,0
BRDA:2,103,0,0
BRDA:2,103,1,0
BRDA:2,104,0,0
BRDA:2,104,1,0
BRDA:2,105,0,0
BRDA:2,105,1,0
BRDA:2,106,0,0
BRDA:2,106,1,0
BRDA:2,107,0,0
BRDA:2,107,1,0
BRDA:2,108,0,0
BRDA:2,108,1,0
BRDA:2,109,0,0
BRDA:2,109,1,0
BRDA:2,110,0,0
BRDA:2,110,1,0
BRDA:2,111,0,0
BRDA:2,111,1,0
BRDA:2,112,0,0
BRDA:2,112,1,0
BRDA:2,113,0,0
BRDA:2,113,1,0
BRDA:2,114,0,0
BRDA:2,114,1,0
BRDA:2,115,0,0
BRDA:2,115,1,0
BRDA:2,116,0,0
BRDA:2,116,1,0
BRDA:2,117,0,0
BRDA:2,117,1,0
BRDA:2,118,0,0
BRDA:2,118,1,0
BRDA:2,119,0,0
BRDA:2,119,1,0
BRDA:2,120,0,0
BRDA:2,120,1,0
BRDA:2,121,0,0
BRDA:2,121,1,0
BRDA:2,122,0,0
BRDA:2,122,1,0
BRDA:2,123,0,0
BRDA:2,123,1,0
BRDA:2,124,0,0
BRDA:2,124,1,0
BRDA:2,125,0,0
BRDA:2,125,1,0
BRDA:2,126,0,0
BRDA:2,126,1,0
BRDA:2,127,0,0
BRDA:2,127,1,0
BRDA:2,128,0,0
BRDA:2,128,1,0
BRDA:2,128,2,0
BRDA:2,129,0,0
BRDA:2,129,1,0
BRDA:2,130,0,0
BRDA:2,130,1,0
BRDA:2,131,0,0
BRDA:2,131,1,0
BRDA:2,131,2,0
BRDA:2,131,3,0
BRDA:2,131,4,0
BRDA:2,132,0,0
BRDA:2,132,1,0
BRDA:2,133,0,0
BRDA:2,133,1,0
BRDA:2,134,0,0
BRDA:2,134,1,0
BRDA:2,135,0,0
BRDA:2,135,1,0
BRDA:2,136,0,0
BRDA:2,136,1,0
BRDA:2,137,0,0
BRDA:2,137,1,0
BRDA:2,138,0,0
BRDA:2,138,1,0
BRF:286
BRH:0
end_of_record
TN:
SF:/Users/iasmina/Desktop/vue-movie-app/coverage/lcov-report/sorter.js
FN:2,(anonymous_0)
FN:11,getTable
FN:15,getTableHeader
FN:19,getTableBody
FN:23,getNthColumn
FN:28,loadColumns
FN:53,loadRowData
FN:72,loadData
FN:81,sortByIndex
FN:83,(anonymous_9)
FN:95,(anonymous_10)
FN:112,removeSortIndicators
FN:120,addSortIndicators
FN:126,enableUI
FN:129,ithSorter
FN:132,(anonymous_15)
FN:159,(anonymous_16)
FNF:17
FNH:0
FNDA:0,(anonymous_0)
FNDA:0,getTable
FNDA:0,getTableHeader
FNDA:0,getTableBody
FNDA:0,getNthColumn
FNDA:0,loadColumns
FNDA:0,loadRowData
FNDA:0,loadData
FNDA:0,sortByIndex
FNDA:0,(anonymous_9)
FNDA:0,(anonymous_10)
FNDA:0,removeSortIndicators
FNDA:0,addSortIndicators
FNDA:0,enableUI
FNDA:0,ithSorter
FNDA:0,(anonymous_15)
FNDA:0,(anonymous_16)
DA:2,0
DA:5,0
DA:12,0
DA:16,0
DA:20,0
DA:24,0
DA:29,0
DA:31,0
DA:35,0
DA:36,0
DA:37,0
DA:42,0
DA:43,0
DA:44,0
DA:45,0
DA:49,0
DA:54,0
DA:57,0
DA:60,0
DA:61,0
DA:62,0
DA:63,0
DA:64,0
DA:65,0
DA:67,0
DA:69,0
DA:73,0
DA:76,0
DA:77,0
DA:82,0
DA:83,0
DA:84,0
DA:85,0
DA:86,0
DA:88,0
DA:89,0
DA:90,0
DA:91,0
DA:94,0
DA:95,0
DA:96,0
DA:100,0
DA:101,0
DA:102,0
DA:105,0
DA:107,0
DA:108,0
DA:113,0
DA:114,0
DA:116,0
DA:117,0
DA:121,0
DA:129,0
DA:130,0
DA:132,0
DA:133,0
DA:135,0
DA:136,0
DA:138,0
DA:139,0
DA:140,0
DA:141,0
DA:142,0
DA:145,0
DA:146,0
DA:149,0
DA:150,0
DA:151,0
DA:153,0
DA:159,0
DA:160,0
DA:161,0
DA:163,0
DA:164,0
DA:165,0
DA:166,0
DA:170,0
LF:77
LH:0
BRDA:40,0,0,0
BRDA:40,0,1,0
BRDA:43,1,0,0
BRDA:43,1,1,0
BRDA:64,2,0,0
BRDA:64,2,1,0
BRDA:86,3,0,0
BRDA:86,3,1,0
BRDA:86,4,0,0
BRDA:86,4,1,0
BRDA:94,5,0,0
BRDA:94,5,1,0
BRDA:121,6,0,0
BRDA:121,6,1,0
BRDA:135,7,0,0
BRDA:135,7,1,0
BRDA:146,8,0,0
BRDA:146,8,1,0
BRDA:150,9,0,0
BRDA:150,9,1,0
BRDA:160,10,0,0
BRDA:160,10,1,0
BRF:22
BRH:0
end_of_record
TN:
SF:/Users/iasmina/Desktop/vue-movie-app/dist/js/app.c834c4df.js
FN:1,(anonymous_0)
FN:1,t
FN:1,a
FN:1,o
FN:1,(anonymous_4)
FN:1,(anonymous_5)
FN:1,(anonymous_6)
FN:1,(anonymous_7)
FN:1,(anonymous_8)
FN:1,(anonymous_9)
FN:1,(anonymous_10)
FN:1,(anonymous_11)
FN:1,(anonymous_12)
FN:1,(anonymous_13)
FN:1,(anonymous_14)
FN:1,(anonymous_15)
FN:1,(anonymous_16)
FN:1,(anonymous_17)
FN:1,i
FN:1,r
FN:1,(anonymous_20)
FN:1,(anonymous_21)
FN:1,(anonymous_22)
FN:1,(anonymous_23)
FN:1,(anonymous_24)
FN:1,(anonymous_25)
FN:1,(anonymous_26)
FN:1,(anonymous_27)
FN:1,(anonymous_28)
FN:1,(anonymous_29)
FN:1,(anonymous_30)
FN:1,(anonymous_31)
FN:1,(anonymous_32)
FN:1,(anonymous_33)
FN:1,(anonymous_34)
FN:1,(anonymous_35)
FN:1,(anonymous_36)
FN:1,(anonymous_37)
FN:1,(anonymous_38)
FN:1,(anonymous_39)
FN:1,(anonymous_40)
FN:1,(anonymous_41)
FN:1,(anonymous_42)
FN:1,(anonymous_43)
FN:1,(anonymous_44)
FN:1,(anonymous_45)
FN:1,(anonymous_46)
FN:1,(anonymous_47)
FN:1,(anonymous_48)
FN:1,(anonymous_49)
FN:1,(anonymous_50)
FN:1,(anonymous_51)
FN:1,(anonymous_52)
FN:1,(anonymous_53)
FN:1,(anonymous_54)
FN:1,(anonymous_55)
FN:1,(anonymous_56)
FN:1,(anonymous_57)
FN:1,(anonymous_58)
FN:1,(anonymous_59)
FN:1,(anonymous_60)
FN:1,(anonymous_61)
FN:1,(anonymous_62)
FN:1,(anonymous_63)
FN:1,(anonymous_64)
FN:1,(anonymous_65)
FN:1,(anonymous_66)
FN:1,(anonymous_67)
FN:1,(anonymous_68)
FN:1,(anonymous_69)
FN:1,(anonymous_70)
FN:1,(anonymous_71)
FN:1,(anonymous_72)
FN:1,(anonymous_73)
FN:1,(anonymous_74)
FN:1,(anonymous_75)
FN:1,(anonymous_76)
FN:1,(anonymous_77)
FN:1,(anonymous_78)
FN:1,(anonymous_79)
FN:1,(anonymous_80)
FN:1,(anonymous_81)
FN:1,(anonymous_82)
FN:1,(anonymous_83)
FN:1,(anonymous_84)
FN:1,(anonymous_85)
FN:1,(anonymous_86)
FN:1,(anonymous_87)
FN:1,(anonymous_88)
FN:1,(anonymous_89)
FN:1,(anonymous_90)
FN:1,(anonymous_91)
FN:1,(anonymous_92)
FN:1,(anonymous_93)
FN:1,(anonymous_94)
FN:1,(anonymous_95)
FN:1,(anonymous_96)
FN:1,(anonymous_97)
FN:1,(anonymous_98)
FN:1,(anonymous_99)
FN:1,(anonymous_100)
FN:1,(anonymous_101)
FN:1,(anonymous_102)
FN:1,(anonymous_103)
FNF:104
FNH:0
FNDA:0,(anonymous_0)
FNDA:0,t
FNDA:0,a
FNDA:0,o
FNDA:0,(anonymous_4)
FNDA:0,(anonymous_5)
FNDA:0,(anonymous_6)
FNDA:0,(anonymous_7)
FNDA:0,(anonymous_8)
FNDA:0,(anonymous_9)
FNDA:0,(anonymous_10)
FNDA:0,(anonymous_11)
FNDA:0,(anonymous_12)
FNDA:0,(anonymous_13)
FNDA:0,(anonymous_14)
FNDA:0,(anonymous_15)
FNDA:0,(anonymous_16)
FNDA:0,(anonymous_17)
FNDA:0,i
FNDA:0,r
FNDA:0,(anonymous_20)
FNDA:0,(anonymous_21)
FNDA:0,(anonymous_22)
FNDA:0,(anonymous_23)
FNDA:0,(anonymous_24)
FNDA:0,(anonymous_25)
FNDA:0,(anonymous_26)
FNDA:0,(anonymous_27)
FNDA:0,(anonymous_28)
FNDA:0,(anonymous_29)
FNDA:0,(anonymous_30)
FNDA:0,(anonymous_31)
FNDA:0,(anonymous_32)
FNDA:0,(anonymous_33)
FNDA:0,(anonymous_34)
FNDA:0,(anonymous_35)
FNDA:0,(anonymous_36)
FNDA:0,(anonymous_37)
FNDA:0,(anonymous_38)
FNDA:0,(anonymous_39)
FNDA:0,(anonymous_40)
FNDA:0,(anonymous_41)
FNDA:0,(anonymous_42)
FNDA:0,(anonymous_43)
FNDA:0,(anonymous_44)
FNDA:0,(anonymous_45)
FNDA:0,(anonymous_46)
FNDA:0,(anonymous_47)
FNDA:0,(anonymous_48)
FNDA:0,(anonymous_49)
FNDA:0,(anonymous_50)
FNDA:0,(anonymous_51)
FNDA:0,(anonymous_52)
FNDA:0,(anonymous_53)
FNDA:0,(anonymous_54)
FNDA:0,(anonymous_55)
FNDA:0,(anonymous_56)
FNDA:0,(anonymous_57)
FNDA:0,(anonymous_58)
FNDA:0,(anonymous_59)
FNDA:0,(anonymous_60)
FNDA:0,(anonymous_61)
FNDA:0,(anonymous_62)
FNDA:0,(anonymous_63)
FNDA:0,(anonymous_64)
FNDA:0,(anonymous_65)
FNDA:0,(anonymous_66)
FNDA:0,(anonymous_67)
FNDA:0,(anonymous_68)
FNDA:0,(anonymous_69)
FNDA:0,(anonymous_70)
FNDA:0,(anonymous_71)
FNDA:0,(anonymous_72)
FNDA:0,(anonymous_73)
FNDA:0,(anonymous_74)
FNDA:0,(anonymous_75)
FNDA:0,(anonymous_76)
FNDA:0,(anonymous_77)
FNDA:0,(anonymous_78)
FNDA:0,(anonymous_79)
FNDA:0,(anonymous_80)
FNDA:0,(anonymous_81)
FNDA:0,(anonymous_82)
FNDA:0,(anonymous_83)
FNDA:0,(anonymous_84)
FNDA:0,(anonymous_85)
FNDA:0,(anonymous_86)
FNDA:0,(anonymous_87)
FNDA:0,(anonymous_88)
FNDA:0,(anonymous_89)
FNDA:0,(anonymous_90)
FNDA:0,(anonymous_91)
FNDA:0,(anonymous_92)
FNDA:0,(anonymous_93)
FNDA:0,(anonymous_94)
FNDA:0,(anonymous_95)
FNDA:0,(anonymous_96)
FNDA:0,(anonymous_97)
FNDA:0,(anonymous_98)
FNDA:0,(anonymous_99)
FNDA:0,(anonymous_100)
FNDA:0,(anonymous_101)
FNDA:0,(anonymous_102)
FNDA:0,(anonymous_103)
DA:1,0
LF:1
LH:0
BRDA:1,0,0,0
BRDA:1,0,1,0
BRDA:1,1,0,0
BRDA:1,1,1,0
BRDA:1,2,0,0
BRDA:1,2,1,0
BRDA:1,3,0,0
BRDA:1,3,1,0
BRDA:1,4,0,0
BRDA:1,4,1,0
BRDA:1,5,0,0
BRDA:1,5,1,0
BRDA:1,6,0,0
BRDA:1,6,1,0
BRDA:1,7,0,0
BRDA:1,7,1,0
BRDA:1,8,0,0
BRDA:1,8,1,0
BRDA:1,8,2,0
BRDA:1,9,0,0
BRDA:1,9,1,0
BRDA:1,10,0,0
BRDA:1,10,1,0
BRDA:1,11,0,0
BRDA:1,11,1,0
BRDA:1,12,0,0
BRDA:1,12,1,0
BRDA:1,12,2,0
BRDA:1,12,3,0
BRDA:1,13,0,0
BRDA:1,13,1,0
BRDA:1,14,0,0
BRDA:1,14,1,0
BRDA:1,15,0,0
BRDA:1,15,1,0
BRDA:1,16,0,0
BRDA:1,16,1,0
BRDA:1,17,0,0
BRDA:1,17,1,0
BRDA:1,18,0,0
BRDA:1,18,1,0
BRDA:1,19,0,0
BRDA:1,19,1,0
BRDA:1,20,0,0
BRDA:1,20,1,0
BRDA:1,21,0,0
BRDA:1,21,1,0
BRDA:1,22,0,0
BRDA:1,22,1,0
BRDA:1,23,0,0
BRDA:1,23,1,0
BRDA:1,24,0,0
BRDA:1,24,1,0
BRDA:1,25,0,0
BRDA:1,25,1,0
BRDA:1,26,0,0
BRDA:1,26,1,0
BRDA:1,27,0,0
BRDA:1,27,1,0
BRDA:1,28,0,0
BRDA:1,28,1,0
BRDA:1,29,0,0
BRDA:1,29,1,0
BRDA:1,30,0,0
BRDA:1,30,1,0
BRDA:1,31,0,0
BRDA:1,31,1,0
BRDA:1,32,0,0
BRDA:1,32,1,0
BRDA:1,33,0,0
BRDA:1,33,1,0
BRDA:1,34,0,0
BRDA:1,34,1,0
BRDA:1,35,0,0
BRDA:1,35,1,0
BRDA:1,36,0,0
BRDA:1,36,1,0
BRDA:1,37,0,0
BRDA:1,37,1,0
BRDA:1,38,0,0
BRDA:1,38,1,0
BRDA:1,39,0,0
BRDA:1,39,1,0
BRDA:1,40,0,0
BRDA:1,40,1,0
BRDA:1,41,0,0
BRDA:1,41,1,0
BRDA:1,42,0,0
BRDA:1,42,1,0
BRDA:1,43,0,0
BRDA:1,43,1,0
BRDA:1,44,0,0
BRDA:1,44,1,0
BRDA:1,45,0,0
BRDA:1,45,1,0
BRDA:1,46,0,0
BRDA:1,46,1,0
BRDA:1,47,0,0
BRDA:1,47,1,0
BRDA:1,48,0,0
BRDA:1,48,1,0
BRDA:1,49,0,0
BRDA:1,49,1,0
BRDA:1,50,0,0
BRDA:1,50,1,0
BRDA:1,51,0,0
BRDA:1,51,1,0
BRDA:1,52,0,0
BRDA:1,52,1,0
BRDA:1,53,0,0
BRDA:1,53,1,0
BRDA:1,54,0,0
BRDA:1,54,1,0
BRDA:1,55,0,0
BRDA:1,55,1,0
BRDA:1,56,0,0
BRDA:1,56,1,0
BRDA:1,57,0,0
BRDA:1,57,1,0
BRDA:1,58,0,0
BRDA:1,58,1,0
BRDA:1,59,0,0
BRDA:1,59,1,0
BRDA:1,60,0,0
BRDA:1,60,1,0
BRDA:1,61,0,0
BRDA:1,61,1,0
BRDA:1,62,0,0
BRDA:1,62,1,0
BRDA:1,63,0,0
BRDA:1,63,1,0
BRDA:1,64,0,0
BRDA:1,64,1,0
BRF:133
BRH:0
end_of_record
TN:
SF:/Users/iasmina/Desktop/vue-movie-app/dist/js/chunk-vendors.e577e831.js
FN:1,(anonymous_0)
FN:1,(anonymous_1)
FN:1,(anonymous_2)
FN:1,(anonymous_3)
FN:1,(anonymous_4)
FN:1,(anonymous_5)
FN:1,(anonymous_6)
FN:1,(anonymous_7)
FN:1,(anonymous_8)
FN:1,(anonymous_9)
FN:1,(anonymous_10)
FN:1,(anonymous_11)
FN:1,(anonymous_12)
FN:1,(anonymous_13)
FN:1,(anonymous_14)
FN:1,(anonymous_15)
FN:1,(anonymous_16)
FN:1,(anonymous_17)
FN:1,(anonymous_18)
FN:1,(anonymous_19)
FN:1,(anonymous_20)
FN:1,(anonymous_21)
FN:1,(anonymous_22)
FN:1,(anonymous_23)
FN:1,(anonymous_24)
FN:1,(anonymous_25)
FN:1,(anonymous_26)
FN:1,(anonymous_27)
FN:1,t
FN:1,n
FN:1,(anonymous_30)
FN:1,(anonymous_31)
FN:1,(anonymous_32)
FN:1,(anonymous_33)
FN:1,(anonymous_34)
FN:1,(anonymous_35)
FN:1,(anonymous_36)
FN:1,(anonymous_37)
FN:1,(anonymous_38)
FN:1,(anonymous_39)
FN:1,(anonymous_40)
FN:1,(anonymous_41)
FN:1,(anonymous_42)
FN:1,(anonymous_43)
FN:1,(anonymous_44)
FN:1,(anonymous_45)
FN:1,(anonymous_46)
FN:1,(anonymous_47)
FN:1,d
FN:1,(anonymous_49)
FN:1,(anonymous_50)
FN:1,(anonymous_51)
FN:1,(anonymous_52)
FN:1,(anonymous_53)
FN:1,(anonymous_54)
FN:1,(anonymous_55)
FN:1,(anonymous_56)
FN:1,(anonymous_57)
FN:1,(anonymous_58)
FN:1,(anonymous_59)
FN:1,(anonymous_60)
FN:1,(anonymous_61)
FN:1,(anonymous_62)
FN:1,(anonymous_63)
FN:1,(anonymous_64)
FN:1,(anonymous_65)
FN:1,(anonymous_66)
FN:1,(anonymous_67)
FN:1,(anonymous_68)
FN:1,(anonymous_69)
FN:1,(anonymous_70)
FN:1,(anonymous_71)
FN:1,(anonymous_72)
FN:1,(anonymous_73)
FN:1,(anonymous_74)
FN:1,(anonymous_75)
FN:1,(anonymous_76)
FN:1,t
FN:1,(anonymous_78)
FN:1,(anonymous_79)
FN:1,(anonymous_80)
FN:1,(anonymous_81)
FN:1,(anonymous_82)
FN:1,(anonymous_83)
FN:1,(anonymous_84)
FN:1,(anonymous_85)
FN:1,(anonymous_86)
FN:1,(anonymous_87)
FN:1,(anonymous_88)
FN:1,(anonymous_89)
FN:1,(anonymous_90)
FN:1,(anonymous_91)
FN:1,(anonymous_92)
FN:1,(anonymous_93)
FN:1,(anonymous_94)
FN:1,(anonymous_95)
FN:1,(anonymous_96)
FN:1,(anonymous_97)
FN:1,(anonymous_98)
FN:1,(anonymous_99)
FN:1,(anonymous_100)
FN:1,(anonymous_101)
FN:1,(anonymous_102)
FN:1,(anonymous_103)
FN:1,(anonymous_104)
FN:1,(anonymous_105)
FN:1,(anonymous_106)
FN:1,(anonymous_107)
FN:1,(anonymous_108)
FN:1,(anonymous_109)
FN:1,(anonymous_110)
FN:1,(anonymous_111)
FN:1,(anonymous_112)
FN:1,(anonymous_113)
FN:1,(anonymous_114)
FN:1,(anonymous_115)
FN:1,(anonymous_116)
FN:1,(anonymous_117)
FN:1,(anonymous_118)
FN:1,(anonymous_119)
FN:1,(anonymous_120)
FN:1,(anonymous_121)
FN:1,(anonymous_122)
FN:1,(anonymous_123)
FN:1,(anonymous_124)
FN:1,(anonymous_125)
FN:1,(anonymous_126)
FN:1,(anonymous_127)
FN:1,(anonymous_128)
FN:1,(anonymous_129)
FN:1,(anonymous_130)
FN:1,(anonymous_131)
FN:1,(anonymous_132)
FN:1,(anonymous_133)
FN:1,(anonymous_134)
FN:1,(anonymous_135)
FN:1,(anonymous_136)
FN:1,(anonymous_137)
FN:1,(anonymous_138)
FN:1,(anonymous_139)
FN:1,(anonymous_140)
FN:1,(anonymous_141)
FN:1,(anonymous_142)
FN:1,(anonymous_143)
FN:1,(anonymous_144)
FN:1,(anonymous_145)
FN:1,(anonymous_146)
FN:1,(anonymous_147)
FN:1,(anonymous_148)
FN:1,(anonymous_149)
FN:1,(anonymous_150)
FN:1,(anonymous_151)
FN:1,(anonymous_152)
FN:1,(anonymous_153)
FN:1,(anonymous_154)
FN:1,(anonymous_155)
FN:1,(anonymous_156)
FN:1,(anonymous_157)
FN:1,t
FN:1,n
FN:1,(anonymous_160)
FN:1,(anonymous_161)
FN:1,(anonymous_162)
FN:1,(anonymous_163)
FN:1,(anonymous_164)
FN:1,(anonymous_165)
FN:1,(anonymous_166)
FN:1,(anonymous_167)
FN:1,(anonymous_168)
FN:1,(anonymous_169)
FN:1,(anonymous_170)
FN:1,(anonymous_171)
FN:1,(anonymous_172)
FN:1,(anonymous_173)
FN:1,(anonymous_174)
FN:1,(anonymous_175)
FN:1,(anonymous_176)
FN:1,(anonymous_177)
FN:1,(anonymous_178)
FN:1,(anonymous_179)
FN:1,(anonymous_180)
FN:1,(anonymous_181)
FN:1,(anonymous_182)
FN:1,(anonymous_183)
FN:1,(anonymous_184)
FN:1,(anonymous_185)
FN:1,(anonymous_186)
FN:1,(anonymous_187)
FN:1,(anonymous_188)
FN:1,(anonymous_189)
FN:1,(anonymous_190)
FN:1,(anonymous_191)
FN:1,(anonymous_192)
FN:1,(anonymous_193)
FN:1,(anonymous_194)
FN:1,(anonymous_195)
FN:1,(anonymous_196)
FN:1,(anonymous_197)
FN:1,(anonymous_198)
FN:1,(anonymous_199)
FN:1,(anonymous_200)
FN:1,(anonymous_201)
FN:1,(anonymous_202)
FN:1,(anonymous_203)
FN:1,(anonymous_204)
FN:1,(anonymous_205)
FN:1,(anonymous_206)
FN:1,(anonymous_207)
FN:1,s
FN:1,o
FN:1,(anonymous_210)
FN:1,(anonymous_211)
FN:1,(anonymous_212)
FN:1,(anonymous_213)
FN:1,(anonymous_214)
FN:1,(anonymous_215)
FN:1,(anonymous_216)
FN:1,(anonymous_217)
FN:1,t
FN:1,(anonymous_219)
FN:1,(anonymous_220)
FN:1,(anonymous_221)
FN:1,(anonymous_222)
FN:1,(anonymous_223)
FN:1,(anonymous_224)
FN:1,n
FN:1,r
FN:1,a
FN:1,i
FN:1,s
FN:1,(anonymous_230)
FN:1,(anonymous_231)
FN:1,(anonymous_232)
FN:1,(anonymous_233)
FN:1,r
FN:1,(anonymous_235)
FN:1,(anonymous_236)
FN:1,(anonymous_237)
FN:1,(anonymous_238)
FN:1,(anonymous_239)
FN:6,s
FN:6,(anonymous_241)
FN:6,(anonymous_242)
FN:6,(anonymous_243)
FN:6,(anonymous_244)
FN:6,(anonymous_245)
FN:6,(anonymous_246)
FN:6,(anonymous_247)
FN:6,(anonymous_248)
FN:6,i
FN:6,(anonymous_250)
FN:6,(anonymous_251)
FN:6,(anonymous_252)
FN:6,d
FN:6,(anonymous_254)
FN:6,(anonymous_255)
FN:6,(anonymous_256)
FN:6,(anonymous_257)
FN:6,(anonymous_258)
FN:6,(anonymous_259)
FN:6,(anonymous_260)
FN:6,(anonymous_261)
FN:6,(anonymous_262)
FN:6,(anonymous_263)
FN:6,(anonymous_264)
FN:6,(anonymous_265)
FN:6,(anonymous_266)
FN:6,(anonymous_267)
FN:6,(anonymous_268)
FN:6,(anonymous_269)
FN:6,(anonymous_270)
FN:6,(anonymous_271)
FN:6,(anonymous_272)
FN:6,y
FN:6,M
FN:6,v
FN:6,L
FN:6,Y
FN:6,g
FN:6,k
FN:6,w
FN:6,b
FN:6,T
FN:6,S
FN:6,H
FN:6,x
FN:6,j
FN:6,O
FN:6,A
FN:6,P
FN:6,C
FN:6,(anonymous_291)
FN:6,W
FN:6,(anonymous_293)
FN:6,F
FN:6,(anonymous_295)
FN:6,$
FN:6,R
FN:6,z
FN:6,(anonymous_299)
FN:6,N
FN:6,I
FN:6,(anonymous_302)
FN:6,(anonymous_303)
FN:6,(anonymous_304)
FN:6,J
FN:6,(anonymous_306)
FN:6,(anonymous_307)
FN:6,(anonymous_308)
FN:6,(anonymous_309)
FN:6,U
FN:6,G
FN:6,V
FN:6,B
FN:6,(anonymous_314)
FN:6,q
FN:6,(anonymous_316)
FN:6,K
FN:6,(anonymous_318)
FN:6,Z
FN:6,(anonymous_320)
FN:6,X
FN:6,(anonymous_322)
FN:6,Q
FN:6,(anonymous_324)
FN:6,(anonymous_325)
FN:6,(anonymous_326)
FN:6,(anonymous_327)
FN:6,(anonymous_328)
FN:6,(anonymous_329)
FN:6,(anonymous_330)
FN:6,te
FN:6,ne
FN:6,re
FN:6,(anonymous_334)
FN:6,(anonymous_335)
FN:6,ae
FN:6,ie
FN:6,(anonymous_338)
FN:6,(anonymous_339)
FN:6,(anonymous_340)
FN:6,(anonymous_341)
FN:6,se
FN:6,oe
FN:6,de
FN:6,ue
FN:6,(anonymous_346)
FN:6,ce
FN:6,(anonymous_348)
FN:6,(anonymous_349)
FN:6,(anonymous_350)
FN:6,(anonymous_351)
FN:6,(anonymous_352)
FN:6,_e
FN:6,(anonymous_354)
FN:6,(anonymous_355)
FN:6,(anonymous_356)
FN:6,(anonymous_357)
FN:6,(anonymous_358)
FN:6,le
FN:6,r
FN:6,(anonymous_361)
FN:6,(anonymous_362)
FN:6,(anonymous_363)
FN:6,(anonymous_364)
FN:6,(anonymous_365)
FN:6,me
FN:6,(anonymous_367)
FN:6,(anonymous_368)
FN:6,he
FN:6,(anonymous_370)
FN:6,pe
FN:6,(anonymous_372)
FN:6,(anonymous_373)
FN:6,(anonymous_374)
FN:6,(anonymous_375)
FN:6,(anonymous_376)
FN:6,(anonymous_377)
FN:6,(anonymous_378)
FN:6,(anonymous_379)
FN:6,(anonymous_380)
FN:6,(anonymous_381)
FN:6,(anonymous_382)
FN:6,Me
FN:6,(anonymous_384)
FN:6,(anonymous_385)
FN:6,ve
FN:6,(anonymous_387)
FN:6,(anonymous_388)
FN:6,(anonymous_389)
FN:6,(anonymous_390)
FN:6,(anonymous_391)
FN:6,(anonymous_392)
FN:6,(anonymous_393)
FN:6,(anonymous_394)
FN:6,(anonymous_395)
FN:6,(anonymous_396)
FN:6,ke
FN:6,(anonymous_398)
FN:6,(anonymous_399)
FN:6,(anonymous_400)
FN:6,we
FN:6,(anonymous_402)
FN:6,(anonymous_403)
FN:6,De
FN:6,be
FN:6,(anonymous_406)
FN:6,(anonymous_407)
FN:6,(anonymous_408)
FN:6,(anonymous_409)
FN:6,(anonymous_410)
FN:6,(anonymous_411)
FN:6,(anonymous_412)
FN:6,(anonymous_413)
FN:6,(anonymous_414)
FN:6,(anonymous_415)
FN:6,(anonymous_416)
FN:6,(anonymous_417)
FN:6,(anonymous_418)
FN:6,(anonymous_419)
FN:6,(anonymous_420)
FN:6,(anonymous_421)
FN:6,(anonymous_422)
FN:6,(anonymous_423)
FN:6,(anonymous_424)
FN:6,(anonymous_425)
FN:6,(anonymous_426)
FN:6,(anonymous_427)
FN:6,(anonymous_428)
FN:6,(anonymous_429)
FN:6,(anonymous_430)
FN:6,(anonymous_431)
FN:6,(anonymous_432)
FN:6,(anonymous_433)
FN:6,(anonymous_434)
FN:6,(anonymous_435)
FN:6,(anonymous_436)
FN:6,(anonymous_437)
FN:12,r
FN:12,a
FN:12,i
FN:12,s
FN:12,o
FN:12,d
FN:12,c
FN:12,_
FN:12,l
FN:12,m
FN:12,f
FN:12,h
FN:12,p
FN:12,(anonymous_451)
FN:12,(anonymous_452)
FN:12,M
FN:12,L
FN:12,Y
FN:12,(anonymous_456)
FN:12,(anonymous_457)
FN:12,(anonymous_458)
FN:12,(anonymous_459)
FN:12,(anonymous_460)
FN:12,T
FN:12,n
FN:12,S
FN:12,x
FN:12,j
FN:12,O
FN:12,A
FN:12,(anonymous_468)
FN:12,(anonymous_469)
FN:12,C
FN:12,(anonymous_471)
FN:12,(anonymous_472)
FN:12,W
FN:12,F
FN:12,(anonymous_475)
FN:12,J
FN:12,U
FN:12,V
FN:12,(anonymous_479)
FN:12,(anonymous_480)
FN:12,(anonymous_481)
FN:12,ce
FN:12,(anonymous_483)
FN:12,e
FN:12,(anonymous_485)
FN:12,(anonymous_486)
FN:12,(anonymous_487)
FN:12,(anonymous_488)
FN:12,(anonymous_489)
FN:12,(anonymous_490)
FN:12,(anonymous_491)
FN:12,(anonymous_492)
FN:12,ye
FN:12,Me
FN:12,(anonymous_495)
FN:12,(anonymous_496)
FN:12,(anonymous_497)
FN:12,ge
FN:12,ke
FN:12,(anonymous_500)
FN:12,(anonymous_501)
FN:12,He
FN:12,(anonymous_503)
FN:12,je
FN:12,Oe
FN:12,Ae
FN:12,Pe
FN:12,(anonymous_508)
FN:12,(anonymous_509)
FN:12,Ee
FN:12,Ce
FN:12,We
FN:12,(anonymous_513)
FN:12,(anonymous_514)
FN:12,$e
FN:12,Re
FN:12,(anonymous_517)
FN:12,(anonymous_518)
FN:12,ze
FN:12,Ne
FN:12,Ie
FN:12,(anonymous_522)
FN:12,(anonymous_523)
FN:12,(anonymous_524)
FN:12,(anonymous_525)
FN:12,(anonymous_526)
FN:12,(anonymous_527)
FN:12,Ue
FN:12,Ge
FN:12,Ve
FN:12,Be
FN:12,o
FN:12,qe
FN:12,Ke
FN:12,Ze
FN:12,Xe
FN:12,Qe
FN:12,et
FN:12,tt
FN:12,nt
FN:12,(anonymous_541)
FN:12,rt
FN:12,at
FN:12,ut
FN:12,(anonymous_545)
FN:12,(anonymous_546)
FN:12,(anonymous_547)
FN:12,(anonymous_548)
FN:12,ft
FN:12,(anonymous_550)
FN:12,(anonymous_551)
FN:12,pt
FN:12,yt
FN:12,(anonymous_554)
FN:12,vt
FN:12,n
FN:12,Lt
FN:12,Yt
FN:12,d
FN:12,gt
FN:12,kt
FN:12,wt
FN:12,Dt
FN:12,bt
FN:12,Tt
FN:12,St
FN:12,Ht
FN:12,(anonymous_568)
FN:12,xt
FN:12,jt
FN:12,Ot
FN:12,At
FN:12,Pt
FN:12,(anonymous_574)
FN:12,Et
FN:12,(anonymous_576)
FN:12,Ct
FN:12,Wt
FN:12,Ft
FN:12,$t
FN:12,Rt
FN:12,zt
FN:12,(anonymous_583)
FN:12,(anonymous_584)
FN:12,Nt
FN:12,It
FN:12,Jt
FN:12,Ut
FN:12,Gt
FN:12,Vt
FN:12,Bt
FN:12,qt
FN:12,Kt
FN:12,Zt
FN:12,(anonymous_595)
FN:12,(anonymous_596)
FN:12,(anonymous_597)
FN:12,(anonymous_598)
FN:12,Xt
FN:12,Qt
FN:12,en
FN:12,(anonymous_602)
FN:12,(anonymous_603)
FN:12,(anonymous_604)
FN:12,(anonymous_605)
FN:12,rn
FN:12,an
FN:12,sn
FN:12,on
FN:12,(anonymous_610)
FN:12,dn
FN:12,_n
FN:12,ln
FN:12,mn
FN:12,fn
FN:12,hn
FN:12,(anonymous_617)
FN:12,(anonymous_618)
FN:12,Mn
FN:12,(anonymous_620)
FN:12,(anonymous_621)
FN:12,vn
FN:12,Ln
FN:12,Yn
FN:12,(anonymous_625)
FN:12,(anonymous_626)
FN:12,(anonymous_627)
FN:12,(anonymous_628)
FN:12,(anonymous_629)
FN:12,(anonymous_630)
FN:12,gn
FN:12,kn
FN:12,wn
FN:12,Dn
FN:12,bn
FN:12,Tn
FN:12,r
FN:12,Sn
FN:12,Hn
FN:12,(anonymous_640)
FN:12,(anonymous_641)
FN:12,r
FN:12,(anonymous_643)
FN:12,(anonymous_644)
FN:12,jn
FN:12,(anonymous_646)
FN:12,On
FN:12,An
FN:12,(anonymous_649)
FN:12,(anonymous_650)
FN:12,(anonymous_651)
FN:12,Pn
FN:12,(anonymous_653)
FN:12,(anonymous_654)
FN:12,En
FN:12,Cn
FN:12,Wn
FN:12,Fn
FN:12,$n
FN:12,Gn
FN:12,(anonymous_661)
FN:12,Kn
FN:12,(anonymous_663)
FN:12,Zn
FN:12,Xn
FN:12,Qn
FN:12,er
FN:12,(anonymous_668)
FN:12,(anonymous_669)
FN:12,(anonymous_670)
FN:12,(anonymous_671)
FN:12,(anonymous_672)
FN:12,(anonymous_673)
FN:12,(anonymous_674)
FN:12,(anonymous_675)
FN:12,(anonymous_676)
FN:12,ar
FN:12,(anonymous_678)
FN:12,(anonymous_679)
FN:12,ir
FN:12,sr
FN:12,(anonymous_682)
FN:12,or
FN:12,dr
FN:12,cr
FN:12,_r
FN:12,lr
FN:12,(anonymous_688)
FN:12,mr
FN:12,(anonymous_690)
FN:12,fr
FN:12,hr
FN:12,pr
FN:12,yr
FN:12,(anonymous_695)
FN:12,(anonymous_696)
FN:12,(anonymous_697)
FN:12,(anonymous_698)
FN:12,vr
FN:12,(anonymous_700)
FN:12,Lr
FN:12,Yr
FN:12,gr
FN:12,kr
FN:12,wr
FN:12,(anonymous_706)
FN:12,Dr
FN:12,(anonymous_708)
FN:12,br
FN:12,(anonymous_710)
FN:12,(anonymous_711)
FN:12,(anonymous_712)
FN:12,Tr
FN:12,Sr
FN:12,Hr
FN:12,(anonymous_716)
FN:12,(anonymous_717)
FN:12,xr
FN:12,jr
FN:12,Or
FN:12,Ar
FN:12,(anonymous_722)
FN:12,(anonymous_723)
FN:12,(anonymous_724)
FN:12,(anonymous_725)
FN:12,(anonymous_726)
FN:12,(anonymous_727)
FN:12,(anonymous_728)
FN:12,(anonymous_729)
FN:12,Wr
FN:12,(anonymous_731)
FN:12,(anonymous_732)
FN:12,(anonymous_733)
FN:12,(anonymous_734)
FN:12,(anonymous_735)
FN:12,(anonymous_736)
FN:12,(anonymous_737)
FN:12,(anonymous_738)
FN:12,(anonymous_739)
FN:12,qr
FN:12,Kr
FN:12,Zr
FN:12,Xr
FN:12,Qr
FN:12,ea
FN:12,ta
FN:12,(anonymous_747)
FN:12,sa
FN:12,da
FN:12,ca
FN:12,_a
FN:12,la
FN:12,ma
FN:12,fa
FN:12,ha
FN:12,pa
FN:12,ya
FN:12,Ma
FN:12,va
FN:12,La
FN:12,Ya
FN:12,ga
FN:12,(anonymous_763)
FN:12,(anonymous_764)
FN:12,(anonymous_765)
FN:12,Da
FN:12,Sa
FN:12,Ha
FN:12,xa
FN:12,ja
FN:12,c
FN:12,_
FN:12,n
FN:12,l
FN:12,m
FN:12,f
FN:12,h
FN:12,y
FN:12,M
FN:12,v
FN:12,L
FN:12,Y
FN:12,g
FN:12,k
FN:12,w
FN:12,D
FN:12,b
FN:12,T
FN:12,S
FN:12,H
FN:12,x
FN:12,O
FN:12,(anonymous_793)
FN:12,(anonymous_794)
FN:12,Aa
FN:12,Pa
FN:12,(anonymous_797)
FN:12,(anonymous_798)
FN:12,Ca
FN:12,Wa
FN:12,Fa
FN:12,Ra
FN:12,za
FN:12,Na
FN:12,(anonymous_805)
FN:12,Ja
FN:12,qa
FN:12,Ka
FN:12,a
FN:12,Xa
FN:12,(anonymous_811)
FN:12,Qa
FN:12,ei
FN:12,ri
FN:12,ai
FN:12,ii
FN:12,si
FN:12,(anonymous_818)
FN:12,(anonymous_819)
FN:12,ui
FN:12,ci
FN:12,_i
FN:12,(anonymous_823)
FN:12,(anonymous_824)
FN:12,Mi
FN:12,Yi
FN:12,(anonymous_827)
FN:12,gi
FN:12,(anonymous_829)
FN:12,ki
FN:12,(anonymous_831)
FN:12,(anonymous_832)
FN:12,Ai
FN:12,(anonymous_834)
FN:12,Pi
FN:12,Ei
FN:12,Ci
FN:12,(anonymous_838)
FN:12,(anonymous_839)
FN:12,(anonymous_840)
FN:12,Fi
FN:12,$i
FN:12,(anonymous_843)
FN:12,Ri
FN:12,zi
FN:12,(anonymous_846)
FN:12,(anonymous_847)
FN:12,(anonymous_848)
FN:12,Ni
FN:12,(anonymous_850)
FN:12,k
FN:12,(anonymous_852)
FN:12,Ii
FN:12,Ji
FN:12,Ui
FN:12,(anonymous_856)
FN:12,(anonymous_857)
FN:12,(anonymous_858)
FN:12,(anonymous_859)
FN:12,(anonymous_860)
FN:12,(anonymous_861)
FN:12,(anonymous_862)
FN:12,Zi
FN:12,(anonymous_864)
FN:12,Xi
FN:12,Qi
FN:12,(anonymous_867)
FN:12,es
FN:12,ts
FN:12,ns
FN:12,rs
FN:12,as
FN:12,(anonymous_873)
FN:12,(anonymous_874)
FN:12,(anonymous_875)
FN:12,(anonymous_876)
FN:12,(anonymous_877)
FN:12,(anonymous_878)
FN:12,ds
FN:12,us
FN:12,cs
FN:12,_s
FN:12,ls
FN:12,(anonymous_884)
FN:12,(anonymous_885)
FN:12,(anonymous_886)
FN:12,(anonymous_887)
FN:12,(anonymous_888)
FN:12,(anonymous_889)
FN:12,(anonymous_890)
FN:12,(anonymous_891)
FN:12,(anonymous_892)
FN:12,(anonymous_893)
FN:12,(anonymous_894)
FN:12,e
FN:12,(anonymous_896)
FN:12,(anonymous_897)
FN:12,Ms
FN:12,vs
FN:12,Ls
FN:12,(anonymous_901)
FN:12,(anonymous_902)
FN:12,(anonymous_903)
FN:12,(anonymous_904)
FN:12,(anonymous_905)
FN:12,(anonymous_906)
FN:12,(anonymous_907)
FN:12,(anonymous_908)
FN:12,(anonymous_909)
FN:12,(anonymous_910)
FN:12,(anonymous_911)
FN:12,(anonymous_912)
FN:12,(anonymous_913)
FN:12,(anonymous_914)
FN:12,(anonymous_915)
FN:12,(anonymous_916)
FN:12,(anonymous_917)
FN:12,(anonymous_918)
FN:12,(anonymous_919)
FN:12,(anonymous_920)
FN:12,(anonymous_921)
FN:12,(anonymous_922)
FN:18,n
FN:18,(anonymous_924)
FN:18,r
FN:18,i
FN:18,(anonymous_927)
FN:18,(anonymous_928)
FN:18,s
FN:18,(anonymous_930)
FN:18,o
FN:18,d
FN:18,u
FN:18,(anonymous_934)
FN:18,(anonymous_935)
FN:18,(anonymous_936)
FN:18,(anonymous_937)
FN:18,(anonymous_938)
FN:18,(anonymous_939)
FN:18,(anonymous_940)
FN:18,(anonymous_941)
FN:18,(anonymous_942)
FN:18,(anonymous_943)
FN:18,(anonymous_944)
FN:18,(anonymous_945)
FN:18,m
FN:18,(anonymous_947)
FN:18,(anonymous_948)
FN:18,(anonymous_949)
FN:18,(anonymous_950)
FN:18,(anonymous_951)
FN:18,(anonymous_952)
FN:18,(anonymous_953)
FN:18,(anonymous_954)
FN:18,(anonymous_955)
FN:18,(anonymous_956)
FN:18,(anonymous_957)
FN:18,(anonymous_958)
FN:18,y
FN:18,(anonymous_960)
FN:18,M
FN:18,v
FN:18,(anonymous_963)
FN:18,(anonymous_964)
FN:18,(anonymous_965)
FN:18,(anonymous_966)
FN:18,L
FN:18,(anonymous_968)
FN:18,(anonymous_969)
FN:18,(anonymous_970)
FN:18,(anonymous_971)
FN:18,(anonymous_972)
FN:18,Y
FN:18,(anonymous_974)
FN:18,(anonymous_975)
FN:18,(anonymous_976)
FN:18,(anonymous_977)
FN:18,(anonymous_978)
FN:18,g
FN:18,(anonymous_980)
FN:18,(anonymous_981)
FN:18,k
FN:18,(anonymous_983)
FN:18,w
FN:18,(anonymous_985)
FN:18,(anonymous_986)
FN:18,D
FN:18,(anonymous_988)
FN:18,b
FN:18,(anonymous_990)
FN:18,(anonymous_991)
FN:18,T
FN:18,(anonymous_993)
FN:18,S
FN:18,H
FN:18,(anonymous_996)
FN:18,(anonymous_997)
FN:18,(anonymous_998)
FN:18,(anonymous_999)
FN:18,(anonymous_1000)
FN:18,(anonymous_1001)
FN:18,(anonymous_1002)
FN:18,(anonymous_1003)
FN:18,(anonymous_1004)
FN:18,(anonymous_1005)
FN:18,(anonymous_1006)
FN:18,(anonymous_1007)
FN:18,(anonymous_1008)
FN:18,(anonymous_1009)
FN:18,(anonymous_1010)
FN:18,(anonymous_1011)
FN:18,(anonymous_1012)
FN:18,(anonymous_1013)
FN:18,(anonymous_1014)
FN:18,(anonymous_1015)
FN:18,(anonymous_1016)
FN:18,(anonymous_1017)
FN:18,(anonymous_1018)
FN:18,(anonymous_1019)
FN:18,(anonymous_1020)
FN:18,(anonymous_1021)
FN:18,(anonymous_1022)
FN:18,(anonymous_1023)
FN:18,(anonymous_1024)
FN:18,(anonymous_1025)
FN:18,(anonymous_1026)
FN:18,(anonymous_1027)
FN:18,(anonymous_1028)
FN:18,(anonymous_1029)
FN:18,(anonymous_1030)
FN:18,(anonymous_1031)
FN:18,(anonymous_1032)
FN:18,E
FN:18,(anonymous_1034)
FN:18,(anonymous_1035)
FN:18,C
FN:18,(anonymous_1037)
FN:18,W
FN:18,(anonymous_1039)
FN:18,a
FN:18,(anonymous_1041)
FN:18,(anonymous_1042)
FN:18,(anonymous_1043)
FN:18,(anonymous_1044)
FN:18,(anonymous_1045)
FN:18,(anonymous_1046)
FN:18,(anonymous_1047)
FN:18,(anonymous_1048)
FN:18,(anonymous_1049)
FN:18,(anonymous_1050)
FN:18,(anonymous_1051)
FN:18,(anonymous_1052)
FN:18,(anonymous_1053)
FN:18,(anonymous_1054)
FN:18,(anonymous_1055)
FN:18,(anonymous_1056)
FN:18,(anonymous_1057)
FN:18,(anonymous_1058)
FN:18,(anonymous_1059)
FN:18,(anonymous_1060)
FN:18,(anonymous_1061)
FN:18,(anonymous_1062)
FN:18,(anonymous_1063)
FN:18,(anonymous_1064)
FN:18,(anonymous_1065)
FN:18,a
FN:18,(anonymous_1067)
FN:18,(anonymous_1068)
FN:18,(anonymous_1069)
FN:18,(anonymous_1070)
FN:18,(anonymous_1071)
FN:18,(anonymous_1072)
FN:18,(anonymous_1073)
FN:18,(anonymous_1074)
FN:18,(anonymous_1075)
FN:18,(anonymous_1076)
FN:18,r
FN:18,(anonymous_1078)
FN:18,(anonymous_1079)
FN:18,(anonymous_1080)
FN:18,(anonymous_1081)
FN:18,(anonymous_1082)
FN:18,(anonymous_1083)
FN:18,(anonymous_1084)
FN:18,(anonymous_1085)
FN:18,(anonymous_1086)
FN:18,(anonymous_1087)
FN:18,(anonymous_1088)
FN:18,(anonymous_1089)
FN:18,(anonymous_1090)
FN:18,(anonymous_1091)
FN:18,(anonymous_1092)
FN:18,(anonymous_1093)
FN:18,(anonymous_1094)
FN:18,(anonymous_1095)
FN:18,(anonymous_1096)
FN:18,(anonymous_1097)
FN:18,(anonymous_1098)
FN:18,(anonymous_1099)
FN:18,(anonymous_1100)
FN:18,(anonymous_1101)
FN:18,i
FN:18,s
FN:18,(anonymous_1104)
FN:18,(anonymous_1105)
FN:18,(anonymous_1106)
FN:18,(anonymous_1107)
FN:18,(anonymous_1108)
FN:18,(anonymous_1109)
FN:18,(anonymous_1110)
FN:18,(anonymous_1111)
FN:18,(anonymous_1112)
FN:18,(anonymous_1113)
FN:18,(anonymous_1114)
FN:18,(anonymous_1115)
FN:18,(anonymous_1116)
FN:18,(anonymous_1117)
FN:18,(anonymous_1118)
FN:18,(anonymous_1119)
FN:18,(anonymous_1120)
FN:18,(anonymous_1121)
FN:18,(anonymous_1122)
FN:18,(anonymous_1123)
FN:18,(anonymous_1124)
FN:18,(anonymous_1125)
FN:18,(anonymous_1126)
FN:18,(anonymous_1127)
FN:18,(anonymous_1128)
FN:18,(anonymous_1129)
FN:18,(anonymous_1130)
FN:18,(anonymous_1131)
FN:18,(anonymous_1132)
FN:18,(anonymous_1133)
FN:18,(anonymous_1134)
FN:18,t
FN:18,n
FN:18,r
FN:18,a
FN:18,(anonymous_1139)
FN:18,(anonymous_1140)
FN:18,(anonymous_1141)
FN:18,(anonymous_1142)
FN:18,(anonymous_1143)
FN:18,(anonymous_1144)
FN:18,(anonymous_1145)
FN:18,(anonymous_1146)
FN:18,(anonymous_1147)
FN:18,(anonymous_1148)
FN:18,(anonymous_1149)
FN:18,(anonymous_1150)
FN:18,(anonymous_1151)
FN:18,(anonymous_1152)
FN:18,(anonymous_1153)
FN:18,(anonymous_1154)
FN:18,(anonymous_1155)
FN:18,(anonymous_1156)
FN:18,(anonymous_1157)
FN:18,(anonymous_1158)
FN:18,(anonymous_1159)
FN:18,(anonymous_1160)
FN:18,(anonymous_1161)
FN:18,(anonymous_1162)
FN:18,(anonymous_1163)
FN:18,(anonymous_1164)
FN:18,(anonymous_1165)
FN:18,(anonymous_1166)
FN:18,(anonymous_1167)
FN:18,(anonymous_1168)
FN:18,t
FN:18,(anonymous_1170)
FN:18,(anonymous_1171)
FN:18,(anonymous_1172)
FN:18,(anonymous_1173)
FN:18,(anonymous_1174)
FN:18,(anonymous_1175)
FN:18,(anonymous_1176)
FN:18,(anonymous_1177)
FN:18,(anonymous_1178)
FN:18,(anonymous_1179)
FN:18,(anonymous_1180)
FN:18,(anonymous_1181)
FN:18,(anonymous_1182)
FN:18,(anonymous_1183)
FN:18,(anonymous_1184)
FN:18,(anonymous_1185)
FN:18,(anonymous_1186)
FN:18,(anonymous_1187)
FN:18,u
FN:18,(anonymous_1189)
FN:18,(anonymous_1190)
FN:18,(anonymous_1191)
FN:18,(anonymous_1192)
FN:18,(anonymous_1193)
FN:18,(anonymous_1194)
FN:18,(anonymous_1195)
FN:18,(anonymous_1196)
FN:18,(anonymous_1197)
FN:18,(anonymous_1198)
FN:18,(anonymous_1199)
FN:18,(anonymous_1200)
FN:18,(anonymous_1201)
FN:18,(anonymous_1202)
FN:18,(anonymous_1203)
FN:18,(anonymous_1204)
FN:18,(anonymous_1205)
FN:18,(anonymous_1206)
FN:18,(anonymous_1207)
FN:18,(anonymous_1208)
FN:18,(anonymous_1209)
FN:18,(anonymous_1210)
FN:18,(anonymous_1211)
FN:18,(anonymous_1212)
FN:18,(anonymous_1213)
FN:18,(anonymous_1214)
FN:18,(anonymous_1215)
FN:18,(anonymous_1216)
FN:18,(anonymous_1217)
FN:18,(anonymous_1218)
FN:18,(anonymous_1219)
FN:18,(anonymous_1220)
FN:18,(anonymous_1221)
FN:18,(anonymous_1222)
FN:18,(anonymous_1223)
FN:18,(anonymous_1224)
FN:18,(anonymous_1225)
FN:18,(anonymous_1226)
FN:18,(anonymous_1227)
FN:18,(anonymous_1228)
FN:18,(anonymous_1229)
FN:18,(anonymous_1230)
FN:18,(anonymous_1231)
FN:18,(anonymous_1232)
FN:18,(anonymous_1233)
FN:18,(anonymous_1234)
FN:18,(anonymous_1235)
FN:18,(anonymous_1236)
FN:18,(anonymous_1237)
FN:18,(anonymous_1238)
FN:18,(anonymous_1239)
FN:18,(anonymous_1240)
FN:18,(anonymous_1241)
FN:18,(anonymous_1242)
FN:18,(anonymous_1243)
FN:18,(anonymous_1244)
FN:18,(anonymous_1245)
FN:18,(anonymous_1246)
FN:18,(anonymous_1247)
FN:18,(anonymous_1248)
FN:18,(anonymous_1249)
FN:18,(anonymous_1250)
FN:18,(anonymous_1251)
FN:18,(anonymous_1252)
FN:18,(anonymous_1253)
FN:18,(anonymous_1254)
FN:18,(anonymous_1255)
FN:18,(anonymous_1256)
FN:18,(anonymous_1257)
FN:18,(anonymous_1258)
FN:18,(anonymous_1259)
FN:18,(anonymous_1260)
FN:18,(anonymous_1261)
FN:18,(anonymous_1262)
FN:18,(anonymous_1263)
FN:18,n
FN:18,r
FN:18,(anonymous_1266)
FN:18,(anonymous_1267)
FN:18,(anonymous_1268)
FN:18,(anonymous_1269)
FN:18,(anonymous_1270)
FN:18,(anonymous_1271)
FN:18,(anonymous_1272)
FN:18,(anonymous_1273)
FN:18,(anonymous_1274)
FN:18,(anonymous_1275)
FN:18,(anonymous_1276)
FN:18,(anonymous_1277)
FN:18,(anonymous_1278)
FN:18,(anonymous_1279)
FN:18,(anonymous_1280)
FN:18,(anonymous_1281)
FN:18,(anonymous_1282)
FN:18,(anonymous_1283)
FN:18,(anonymous_1284)
FN:18,(anonymous_1285)
FN:18,(anonymous_1286)
FN:18,(anonymous_1287)
FN:18,(anonymous_1288)
FN:18,(anonymous_1289)
FN:18,(anonymous_1290)
FN:18,(anonymous_1291)
FN:18,(anonymous_1292)
FN:18,(anonymous_1293)
FN:18,(anonymous_1294)
FN:18,(anonymous_1295)
FN:18,(anonymous_1296)
FN:18,(anonymous_1297)
FN:18,(anonymous_1298)
FN:18,(anonymous_1299)
FN:18,(anonymous_1300)
FN:18,(anonymous_1301)
FN:18,(anonymous_1302)
FN:18,(anonymous_1303)
FN:18,(anonymous_1304)
FN:18,(anonymous_1305)
FN:18,(anonymous_1306)
FN:18,(anonymous_1307)
FN:18,(anonymous_1308)
FN:18,(anonymous_1309)
FN:18,(anonymous_1310)
FN:18,(anonymous_1311)
FN:18,(anonymous_1312)
FN:18,(anonymous_1313)
FN:18,(anonymous_1314)
FN:18,(anonymous_1315)
FN:18,(anonymous_1316)
FN:18,(anonymous_1317)
FN:18,(anonymous_1318)
FN:18,(anonymous_1319)
FN:18,(anonymous_1320)
FN:18,(anonymous_1321)
FN:18,(anonymous_1322)
FN:18,(anonymous_1323)
FN:18,(anonymous_1324)
FN:18,(anonymous_1325)
FN:18,(anonymous_1326)
FN:18,(anonymous_1327)
FN:18,(anonymous_1328)
FN:18,(anonymous_1329)
FN:18,(anonymous_1330)
FN:18,(anonymous_1331)
FN:18,(anonymous_1332)
FN:18,(anonymous_1333)
FN:18,t
FN:18,n
FN:18,r
FN:18,a
FN:18,i
FN:18,(anonymous_1339)
FN:18,(anonymous_1340)
FN:18,(anonymous_1341)
FN:18,(anonymous_1342)
FN:18,(anonymous_1343)
FN:18,(anonymous_1344)
FN:18,(anonymous_1345)
FN:18,(anonymous_1346)
FN:18,(anonymous_1347)
FN:18,(anonymous_1348)
FN:18,(anonymous_1349)
FN:18,(anonymous_1350)
FN:18,(anonymous_1351)
FN:18,(anonymous_1352)
FN:18,(anonymous_1353)
FN:18,(anonymous_1354)
FN:18,(anonymous_1355)
FN:18,(anonymous_1356)
FN:18,(anonymous_1357)
FN:18,(anonymous_1358)
FN:18,(anonymous_1359)
FN:18,(anonymous_1360)
FN:18,(anonymous_1361)
FN:18,(anonymous_1362)
FN:18,(anonymous_1363)
FN:18,(anonymous_1364)
FN:18,(anonymous_1365)
FN:18,(anonymous_1366)
FN:18,(anonymous_1367)
FN:18,(anonymous_1368)
FN:18,(anonymous_1369)
FN:18,(anonymous_1370)
FN:18,(anonymous_1371)
FN:18,(anonymous_1372)
FN:18,(anonymous_1373)
FN:18,(anonymous_1374)
FN:18,(anonymous_1375)
FN:18,(anonymous_1376)
FN:18,(anonymous_1377)
FN:18,(anonymous_1378)
FN:18,(anonymous_1379)
FN:18,(anonymous_1380)
FN:18,(anonymous_1381)
FN:18,(anonymous_1382)
FN:18,(anonymous_1383)
FN:18,(anonymous_1384)
FN:18,(anonymous_1385)
FN:18,(anonymous_1386)
FN:18,(anonymous_1387)
FN:18,(anonymous_1388)
FN:18,(anonymous_1389)
FN:18,(anonymous_1390)
FN:18,(anonymous_1391)
FN:18,(anonymous_1392)
FN:18,(anonymous_1393)
FN:18,(anonymous_1394)
FN:18,(anonymous_1395)
FN:18,(anonymous_1396)
FN:18,(anonymous_1397)
FN:18,(anonymous_1398)
FN:18,(anonymous_1399)
FN:18,(anonymous_1400)
FN:18,(anonymous_1401)
FN:18,(anonymous_1402)
FN:18,(anonymous_1403)
FN:18,r
FN:18,(anonymous_1405)
FN:18,(anonymous_1406)
FN:18,(anonymous_1407)
FN:18,(anonymous_1408)
FN:18,(anonymous_1409)
FN:18,(anonymous_1410)
FN:18,(anonymous_1411)
FN:18,(anonymous_1412)
FN:18,(anonymous_1413)
FN:18,(anonymous_1414)
FN:18,(anonymous_1415)
FN:18,(anonymous_1416)
FN:18,(anonymous_1417)
FN:18,r
FN:18,a
FN:18,(anonymous_1420)
FN:18,(anonymous_1421)
FN:18,(anonymous_1422)
FN:18,(anonymous_1423)
FN:18,(anonymous_1424)
FN:18,(anonymous_1425)
FN:18,(anonymous_1426)
FN:18,(anonymous_1427)
FN:18,(anonymous_1428)
FN:18,(anonymous_1429)
FN:18,(anonymous_1430)
FN:18,(anonymous_1431)
FN:18,(anonymous_1432)
FN:18,(anonymous_1433)
FN:18,(anonymous_1434)
FN:18,(anonymous_1435)
FN:18,(anonymous_1436)
FN:18,(anonymous_1437)
FN:18,(anonymous_1438)
FN:18,(anonymous_1439)
FN:18,t
FN:18,(anonymous_1441)
FN:18,(anonymous_1442)
FN:18,(anonymous_1443)
FN:18,(anonymous_1444)
FN:18,(anonymous_1445)
FN:18,r
FN:18,a
FN:18,(anonymous_1448)
FN:18,(anonymous_1449)
FN:18,(anonymous_1450)
FN:18,(anonymous_1451)
FN:18,(anonymous_1452)
FN:18,(anonymous_1453)
FN:18,(anonymous_1454)
FN:18,(anonymous_1455)
FN:18,(anonymous_1456)
FN:18,(anonymous_1457)
FN:18,(anonymous_1458)
FN:18,(anonymous_1459)
FN:18,(anonymous_1460)
FN:18,(anonymous_1461)
FN:18,(anonymous_1462)
FN:18,(anonymous_1463)
FN:18,(anonymous_1464)
FN:18,(anonymous_1465)
FN:18,(anonymous_1466)
FN:18,(anonymous_1467)
FN:18,(anonymous_1468)
FN:18,(anonymous_1469)
FN:18,(anonymous_1470)
FN:18,(anonymous_1471)
FN:18,(anonymous_1472)
FN:18,(anonymous_1473)
FN:18,(anonymous_1474)
FN:18,(anonymous_1475)
FN:18,(anonymous_1476)
FN:18,(anonymous_1477)
FN:18,(anonymous_1478)
FN:18,(anonymous_1479)
FN:18,(anonymous_1480)
FN:18,(anonymous_1481)
FN:18,(anonymous_1482)
FN:18,(anonymous_1483)
FN:18,(anonymous_1484)
FN:18,(anonymous_1485)
FN:18,(anonymous_1486)
FN:18,(anonymous_1487)
FN:18,(anonymous_1488)
FN:18,(anonymous_1489)
FN:18,(anonymous_1490)
FN:18,(anonymous_1491)
FN:18,(anonymous_1492)
FN:18,(anonymous_1493)
FN:23,r
FN:23,a
FN:23,i
FN:23,(anonymous_1497)
FN:23,(anonymous_1498)
FN:23,(anonymous_1499)
FN:23,(anonymous_1500)
FN:23,o
FN:23,(anonymous_1502)
FN:23,(anonymous_1503)
FN:23,m
FN:23,f
FN:23,(anonymous_1506)
FN:23,h
FN:23,(anonymous_1508)
FN:23,(anonymous_1509)
FN:23,(anonymous_1510)
FN:23,y
FN:23,M
FN:23,L
FN:23,Y
FN:23,g
FN:23,k
FN:23,(anonymous_1517)
FN:23,w
FN:23,D
FN:23,(anonymous_1520)
FN:23,(anonymous_1521)
FN:23,(anonymous_1522)
FN:23,x
FN:23,j
FN:23,O
FN:23,(anonymous_1526)
FN:23,(anonymous_1527)
FN:23,(anonymous_1528)
FN:23,(anonymous_1529)
FN:23,(anonymous_1530)
FN:23,(anonymous_1531)
FN:23,P
FN:23,E
FN:23,C
FN:23,(anonymous_1535)
FN:23,J
FN:23,U
FN:23,G
FN:23,(anonymous_1539)
FN:23,V
FN:23,(anonymous_1541)
FN:23,B
FN:23,(anonymous_1543)
FN:23,q
FN:23,K
FN:23,Z
FN:23,X
FN:23,Q
FN:23,ee
FN:23,te
FN:23,ne
FN:23,re
FN:23,ie
FN:23,se
FN:23,(anonymous_1555)
FN:23,oe
FN:23,(anonymous_1557)
FN:23,(anonymous_1558)
FN:23,de
FN:23,ue
FN:23,ce
FN:23,_e
FN:23,s
FN:23,o
FN:23,(anonymous_1565)
FN:23,(anonymous_1566)
FN:23,d
FN:23,u
FN:23,c
FN:23,le
FN:23,me
FN:23,he
FN:23,(anonymous_1573)
FN:23,pe
FN:23,(anonymous_1575)
FN:23,(anonymous_1576)
FN:23,(anonymous_1577)
FN:23,ye
FN:23,Me
FN:23,ve
FN:23,Le
FN:23,Ye
FN:23,ge
FN:23,ke
FN:23,we
FN:23,(anonymous_1586)
FN:23,Se
FN:23,He
FN:23,xe
FN:23,je
FN:23,Oe
FN:23,Ae
FN:23,(anonymous_1593)
FN:23,(anonymous_1594)
FN:23,Pe
FN:23,(anonymous_1596)
FN:23,(anonymous_1597)
FN:23,(anonymous_1598)
FN:23,(anonymous_1599)
FN:23,Ee
FN:23,(anonymous_1601)
FN:23,(anonymous_1602)
FN:23,Ce
FN:23,Fe
FN:23,$e
FN:23,(anonymous_1606)
FN:23,(anonymous_1607)
FN:23,ze
FN:23,Ne
FN:23,Ie
FN:23,(anonymous_1611)
FN:23,(anonymous_1612)
FN:23,Je
FN:23,Ue
FN:23,Ge
FN:23,Ve
FN:23,(anonymous_1617)
FN:23,Be
FN:23,(anonymous_1619)
FN:23,qe
FN:23,(anonymous_1621)
FN:23,(anonymous_1622)
FN:23,(anonymous_1623)
FN:23,Ke
FN:23,(anonymous_1625)
FN:23,(anonymous_1626)
FN:23,(anonymous_1627)
FN:23,(anonymous_1628)
FN:23,(anonymous_1629)
FN:23,(anonymous_1630)
FN:23,(anonymous_1631)
FN:23,(anonymous_1632)
FN:23,(anonymous_1633)
FN:23,(anonymous_1634)
FN:23,(anonymous_1635)
FN:23,(anonymous_1636)
FN:23,(anonymous_1637)
FN:23,(anonymous_1638)
FN:23,(anonymous_1639)
FN:23,(anonymous_1640)
FN:23,(anonymous_1641)
FN:23,(anonymous_1642)
FN:23,(anonymous_1643)
FN:23,(anonymous_1644)
FN:23,(anonymous_1645)
FN:23,(anonymous_1646)
FN:23,(anonymous_1647)
FN:23,t
FN:23,(anonymous_1649)
FN:23,(anonymous_1650)
FN:23,(anonymous_1651)
FN:23,(anonymous_1652)
FN:23,(anonymous_1653)
FN:23,(anonymous_1654)
FN:23,(anonymous_1655)
FN:23,(anonymous_1656)
FN:23,(anonymous_1657)
FN:23,Xe
FN:23,(anonymous_1659)
FN:23,t
FN:23,(anonymous_1661)
FN:23,(anonymous_1662)
FN:23,(anonymous_1663)
FN:23,(anonymous_1664)
FN:23,(anonymous_1665)
FN:23,(anonymous_1666)
FN:23,(anonymous_1667)
FN:23,(anonymous_1668)
FN:23,(anonymous_1669)
FN:23,(anonymous_1670)
FN:23,et
FN:23,tt
FN:23,nt
FN:23,rt
FN:23,at
FN:23,it
FN:23,(anonymous_1677)
FN:23,t
FN:23,(anonymous_1679)
FN:23,(anonymous_1680)
FN:23,(anonymous_1681)
FN:23,(anonymous_1682)
FN:23,(anonymous_1683)
FN:23,(anonymous_1684)
FN:23,(anonymous_1685)
FN:23,(anonymous_1686)
FN:23,(anonymous_1687)
FN:23,ut
FN:23,(anonymous_1689)
FN:23,ct
FN:23,(anonymous_1691)
FN:23,(anonymous_1692)
FN:23,(anonymous_1693)
FN:23,(anonymous_1694)
FN:23,(anonymous_1695)
FN:23,(anonymous_1696)
FN:23,(anonymous_1697)
FN:23,(anonymous_1698)
FN:23,(anonymous_1699)
FN:23,(anonymous_1700)
FN:23,(anonymous_1701)
FN:23,(anonymous_1702)
FN:23,(anonymous_1703)
FN:23,(anonymous_1704)
FN:23,(anonymous_1705)
FN:23,(anonymous_1706)
FN:23,(anonymous_1707)
FN:23,(anonymous_1708)
FN:23,(anonymous_1709)
FN:23,(anonymous_1710)
FN:23,(anonymous_1711)
FN:23,(anonymous_1712)
FN:23,(anonymous_1713)
FN:23,(anonymous_1714)
FN:23,(anonymous_1715)
FN:23,t
FN:23,(anonymous_1717)
FN:23,(anonymous_1718)
FN:23,(anonymous_1719)
FN:23,(anonymous_1720)
FN:23,(anonymous_1721)
FN:23,(anonymous_1722)
FN:23,(anonymous_1723)
FN:23,(anonymous_1724)
FN:23,r
FN:23,a
FN:23,(anonymous_1727)
FN:23,(anonymous_1728)
FN:23,(anonymous_1729)
FN:23,(anonymous_1730)
FN:23,(anonymous_1731)
FN:23,(anonymous_1732)
FN:23,(anonymous_1733)
FN:23,(anonymous_1734)
FN:23,(anonymous_1735)
FN:23,(anonymous_1736)
FN:23,(anonymous_1737)
FN:23,(anonymous_1738)
FN:23,(anonymous_1739)
FN:23,a
FN:23,(anonymous_1741)
FN:23,(anonymous_1742)
FN:23,(anonymous_1743)
FN:23,(anonymous_1744)
FN:23,(anonymous_1745)
FN:23,(anonymous_1746)
FN:23,(anonymous_1747)
FN:23,(anonymous_1748)
FN:23,(anonymous_1749)
FN:23,(anonymous_1750)
FN:23,(anonymous_1751)
FN:23,(anonymous_1752)
FN:23,(anonymous_1753)
FN:23,(anonymous_1754)
FN:23,(anonymous_1755)
FN:23,(anonymous_1756)
FN:23,(anonymous_1757)
FN:23,(anonymous_1758)
FN:23,(anonymous_1759)
FN:23,(anonymous_1760)
FN:23,(anonymous_1761)
FN:23,(anonymous_1762)
FN:23,(anonymous_1763)
FN:23,(anonymous_1764)
FN:23,(anonymous_1765)
FN:23,(anonymous_1766)
FN:23,(anonymous_1767)
FN:23,(anonymous_1768)
FN:23,(anonymous_1769)
FN:23,(anonymous_1770)
FN:23,(anonymous_1771)
FN:23,(anonymous_1772)
FN:23,(anonymous_1773)
FN:23,(anonymous_1774)
FN:23,(anonymous_1775)
FN:23,t
FN:23,n
FN:23,(anonymous_1778)
FN:23,(anonymous_1779)
FN:23,(anonymous_1780)
FN:23,(anonymous_1781)
FN:23,(anonymous_1782)
FN:23,(anonymous_1783)
FN:23,(anonymous_1784)
FN:23,(anonymous_1785)
FN:23,t
FN:23,(anonymous_1787)
FN:23,(anonymous_1788)
FN:23,(anonymous_1789)
FN:23,(anonymous_1790)
FN:23,(anonymous_1791)
FN:23,(anonymous_1792)
FN:23,(anonymous_1793)
FN:23,(anonymous_1794)
FN:23,(anonymous_1795)
FN:23,(anonymous_1796)
FN:23,t
FN:23,(anonymous_1798)
FN:23,(anonymous_1799)
FN:23,(anonymous_1800)
FN:23,(anonymous_1801)
FN:23,(anonymous_1802)
FN:23,(anonymous_1803)
FN:23,(anonymous_1804)
FN:23,(anonymous_1805)
FN:23,(anonymous_1806)
FN:23,(anonymous_1807)
FN:23,(anonymous_1808)
FN:23,(anonymous_1809)
FN:23,(anonymous_1810)
FN:23,(anonymous_1811)
FN:23,(anonymous_1812)
FN:23,(anonymous_1813)
FN:23,(anonymous_1814)
FN:23,(anonymous_1815)
FN:23,(anonymous_1816)
FN:23,(anonymous_1817)
FN:23,(anonymous_1818)
FN:23,(anonymous_1819)
FN:23,(anonymous_1820)
FN:23,(anonymous_1821)
FN:23,(anonymous_1822)
FN:23,(anonymous_1823)
FN:23,(anonymous_1824)
FN:23,(anonymous_1825)
FN:23,(anonymous_1826)
FN:23,(anonymous_1827)
FN:23,(anonymous_1828)
FN:23,(anonymous_1829)
FN:23,p
FN:23,(anonymous_1831)
FN:23,(anonymous_1832)
FN:23,a
FN:23,(anonymous_1834)
FN:23,(anonymous_1835)
FN:23,(anonymous_1836)
FN:23,(anonymous_1837)
FN:23,(anonymous_1838)
FN:23,(anonymous_1839)
FN:23,(anonymous_1840)
FN:23,(anonymous_1841)
FN:23,(anonymous_1842)
FN:23,t
FN:23,n
FN:23,r
FN:23,a
FN:23,(anonymous_1847)
FN:23,(anonymous_1848)
FN:23,(anonymous_1849)
FN:23,(anonymous_1850)
FN:23,(anonymous_1851)
FN:23,(anonymous_1852)
FN:23,(anonymous_1853)
FN:23,(anonymous_1854)
FN:23,(anonymous_1855)
FN:23,(anonymous_1856)
FN:23,(anonymous_1857)
FN:23,(anonymous_1858)
FN:23,(anonymous_1859)
FN:23,(anonymous_1860)
FN:23,(anonymous_1861)
FN:23,t
FN:23,(anonymous_1863)
FN:23,(anonymous_1864)
FN:23,(anonymous_1865)
FN:23,t
FN:23,(anonymous_1867)
FN:23,(anonymous_1868)
FN:23,(anonymous_1869)
FN:23,(anonymous_1870)
FN:23,(anonymous_1871)
FN:23,(anonymous_1872)
FN:23,(anonymous_1873)
FN:23,(anonymous_1874)
FN:23,(anonymous_1875)
FN:23,(anonymous_1876)
FN:23,(anonymous_1877)
FN:23,(anonymous_1878)
FN:23,(anonymous_1879)
FN:23,(anonymous_1880)
FN:23,(anonymous_1881)
FN:23,(anonymous_1882)
FN:23,(anonymous_1883)
FN:23,(anonymous_1884)
FN:23,(anonymous_1885)
FN:23,(anonymous_1886)
FN:23,(anonymous_1887)
FN:23,(anonymous_1888)
FN:23,(anonymous_1889)
FN:23,n
FN:23,r
FN:23,a
FN:23,i
FN:23,(anonymous_1894)
FN:23,(anonymous_1895)
FN:23,(anonymous_1896)
FN:23,t
FN:23,(anonymous_1898)
FN:23,(anonymous_1899)
FN:23,(anonymous_1900)
FN:23,(anonymous_1901)
FN:23,(anonymous_1902)
FN:23,(anonymous_1903)
FN:23,(anonymous_1904)
FN:23,(anonymous_1905)
FN:23,(anonymous_1906)
FN:23,(anonymous_1907)
FN:23,(anonymous_1908)
FN:23,(anonymous_1909)
FN:23,a
FN:23,i
FN:23,s
FN:23,o
FN:23,d
FN:23,u
FN:23,c
FN:23,_
FN:23,l
FN:23,m
FN:23,f
FN:23,h
FN:23,p
FN:23,y
FN:23,M
FN:23,(anonymous_1925)
FN:23,v
FN:23,(anonymous_1927)
FN:23,Y
FN:23,k
FN:23,w
FN:23,D
FN:23,b
FN:23,T
FN:23,S
FN:23,H
FN:23,(anonymous_1936)
FN:23,O
FN:23,A
FN:23,P
FN:23,E
FN:23,C
FN:23,(anonymous_1942)
FN:23,F
FN:23,R
FN:23,(anonymous_1945)
FN:23,N
FN:23,U
FN:23,V
FN:23,B
FN:23,K
FN:23,Z
FN:23,X
FN:23,ee
FN:23,te
FN:23,(anonymous_1955)
FN:23,ne
FN:23,oe
FN:23,(anonymous_1958)
FN:23,(anonymous_1959)
FN:23,(anonymous_1960)
FN:23,de
FN:23,ue
FN:23,(anonymous_1963)
FN:23,ce
FN:23,_e
FN:23,r
FN:23,xe
FN:23,(anonymous_1968)
FN:23,je
FN:23,Oe
FN:23,(anonymous_1971)
FN:23,Ae
FN:23,Ee
FN:23,(anonymous_1974)
FN:23,Ce
FN:23,(anonymous_1976)
FN:23,We
FN:23,Ve
FN:23,Be
FN:23,(anonymous_1980)
FN:23,(anonymous_1981)
FN:23,(anonymous_1982)
FN:23,(anonymous_1983)
FN:23,(anonymous_1984)
FN:23,(anonymous_1985)
FN:23,Ze
FN:23,Xe
FN:23,(anonymous_1988)
FN:23,Qe
FN:23,et
FN:23,tt
FN:23,nt
FN:23,rt
FN:23,at
FN:23,(anonymous_1995)
FN:23,(anonymous_1996)
FN:23,(anonymous_1997)
FN:23,(anonymous_1998)
FN:23,(anonymous_1999)
FN:23,(anonymous_2000)
FN:23,(anonymous_2001)
FN:23,(anonymous_2002)
FN:23,ot
FN:23,ut
FN:23,ct
FN:23,_t
FN:23,lt
FN:23,mt
FN:23,ft
FN:23,pt
FN:23,Mt
FN:23,vt
FN:23,e
FN:23,Lt
FN:23,Yt
FN:23,gt
FN:23,kt
FN:23,wt
FN:23,Dt
FN:23,bt
FN:23,(anonymous_2021)
FN:23,St
FN:23,Ht
FN:23,xt
FN:23,jt
FN:23,Ot
FN:23,At
FN:23,Pt
FN:23,(anonymous_2029)
FN:23,(anonymous_2030)
FN:23,(anonymous_2031)
FN:23,(anonymous_2032)
FN:23,(anonymous_2033)
FN:23,(anonymous_2034)
FN:23,(anonymous_2035)
FN:23,(anonymous_2036)
FN:23,Ct
FN:23,Ft
FN:23,Rt
FN:23,zt
FN:23,Nt
FN:23,It
FN:23,Jt
FN:23,Ut
FN:23,Vt
FN:23,qt
FN:23,Zt
FN:23,Xt
FN:23,e
FN:23,Qt
FN:23,en
FN:23,tn
FN:23,(anonymous_2053)
FN:23,nn
FN:23,rn
FN:23,(anonymous_2056)
FN:23,(anonymous_2057)
FN:23,(anonymous_2058)
FN:23,(anonymous_2059)
FN:23,(anonymous_2060)
FN:23,(anonymous_2061)
FN:23,(anonymous_2062)
FN:23,(anonymous_2063)
FN:23,(anonymous_2064)
FN:23,(anonymous_2065)
FN:23,(anonymous_2066)
FN:23,sn
FN:23,ln
FN:23,mn
FN:23,fn
FN:23,hn
FN:23,pn
FN:23,(anonymous_2073)
FN:23,yn
FN:23,Mn
FN:23,vn
FN:23,Ln
FN:23,Yn
FN:23,gn
FN:23,kn
FN:23,wn
FN:23,jn
FN:23,An
FN:23,Pn
FN:23,En
FN:23,Cn
FN:23,Fn
FN:23,$n
FN:23,Rn
FN:23,zn
FN:23,Nn
FN:23,In
FN:23,Jn
FN:23,(anonymous_2094)
FN:23,Un
FN:23,Gn
FN:23,Vn
FN:23,(anonymous_2098)
FN:23,Bn
FN:23,qn
FN:23,(anonymous_2101)
FN:23,(anonymous_2102)
FN:23,(anonymous_2103)
FN:23,(anonymous_2104)
FN:23,(anonymous_2105)
FN:23,Xn
FN:23,Qn
FN:23,er
FN:23,(anonymous_2109)
FN:23,rr
FN:23,ar
FN:23,ir
FN:23,sr
FN:23,or
FN:23,dr
FN:23,ur
FN:23,(anonymous_2117)
FN:23,(anonymous_2118)
FN:23,_r
FN:23,lr
FN:23,mr
FN:23,fr
FN:23,hr
FN:23,pr
FN:23,yr
FN:23,Mr
FN:23,vr
FN:23,Lr
FN:23,Yr
FN:23,gr
FN:23,kr
FN:23,wr
FN:23,(anonymous_2133)
FN:23,Tr
FN:23,Sr
FN:23,Hr
FN:23,xr
FN:23,jr
FN:23,(anonymous_2139)
FN:23,Or
FN:23,Er
FN:23,Cr
FN:23,Wr
FN:23,Fr
FN:23,$r
FN:23,Rr
FN:23,zr
FN:23,Nr
FN:23,Ir
FN:23,Jr
FN:23,Ur
FN:23,Gr
FN:23,Vr
FN:23,Br
FN:23,qr
FN:23,Kr
FN:23,Zr
FN:23,Xr
FN:23,Qr
FN:23,ea
FN:23,(anonymous_2161)
FN:23,na
FN:23,oa
FN:23,da
FN:23,ua
FN:23,ca
FN:23,_a
FN:23,la
FN:23,ma
FN:23,fa
FN:23,ha
FN:23,pa
FN:23,ya
FN:23,Ma
FN:23,va
FN:23,La
FN:23,Ya
FN:23,ga
FN:23,ka
FN:23,wa
FN:23,Da
FN:23,ba
FN:23,Ta
FN:23,Sa
FN:23,Ha
FN:23,(anonymous_2186)
FN:23,(anonymous_2187)
FN:23,(anonymous_2188)
FN:23,(anonymous_2189)
FN:23,(anonymous_2190)
FN:23,(anonymous_2191)
FN:23,(anonymous_2192)
FN:23,ja
FN:23,(anonymous_2194)
FN:23,(anonymous_2195)
FN:23,(anonymous_2196)
FN:23,(anonymous_2197)
FN:23,(anonymous_2198)
FN:23,(anonymous_2199)
FN:23,(anonymous_2200)
FN:23,(anonymous_2201)
FN:23,(anonymous_2202)
FN:23,Ea
FN:23,Wa
FN:23,Fa
FN:23,Ra
FN:23,za
FN:23,Na
FN:23,Ja
FN:23,Ua
FN:23,Ga
FN:23,Va
FN:23,Ba
FN:23,qa
FN:23,Ka
FN:23,Za
FN:23,(anonymous_2217)
FN:23,Qa
FN:23,ei
FN:23,ti
FN:23,ni
FN:23,ri
FN:23,ai
FN:23,ii
FN:23,si
FN:23,oi
FN:23,di
FN:23,ui
FN:23,(anonymous_2229)
FN:23,vi
FN:23,Li
FN:23,Yi
FN:23,(anonymous_2233)
FN:23,Hi
FN:23,Oi
FN:23,Ai
FN:23,Pi
FN:23,Ei
FN:23,Ci
FN:23,Fi
FN:23,$i
FN:23,(anonymous_2242)
FN:23,(anonymous_2243)
FN:23,(anonymous_2244)
FN:23,(anonymous_2245)
FN:23,(anonymous_2246)
FN:23,(anonymous_2247)
FN:23,(anonymous_2248)
FN:23,(anonymous_2249)
FN:23,(anonymous_2250)
FN:23,(anonymous_2251)
FN:23,(anonymous_2252)
FN:23,(anonymous_2253)
FN:23,s
FN:23,o
FN:23,d
FN:23,u
FN:23,c
FN:23,_
FN:23,l
FN:23,m
FN:23,f
FN:23,h
FN:23,p
FN:23,y
FN:23,M
FN:23,v
FN:23,L
FN:23,Y
FN:23,g
FN:23,k
FN:23,t
FN:23,w
FN:23,t
FN:23,D
FN:23,(anonymous_2276)
FN:23,(anonymous_2277)
FN:23,(anonymous_2278)
FN:23,(anonymous_2279)
FN:23,(anonymous_2280)
FN:23,(anonymous_2281)
FN:23,(anonymous_2282)
FN:23,(anonymous_2283)
FN:23,(anonymous_2284)
FN:23,(anonymous_2285)
FN:23,(anonymous_2286)
FN:23,(anonymous_2287)
FN:23,(anonymous_2288)
FN:23,(anonymous_2289)
FN:30,(anonymous_2290)
FN:30,(anonymous_2291)
FN:30,(anonymous_2292)
FN:30,(anonymous_2293)
FN:30,(anonymous_2294)
FN:30,(anonymous_2295)
FN:30,(anonymous_2296)
FN:30,(anonymous_2297)
FN:30,(anonymous_2298)
FN:30,(anonymous_2299)
FN:30,(anonymous_2300)
FN:30,(anonymous_2301)
FN:30,(anonymous_2302)
FN:30,(anonymous_2303)
FN:30,(anonymous_2304)
FN:30,(anonymous_2305)
FN:30,(anonymous_2306)
FN:30,(anonymous_2307)
FN:30,(anonymous_2308)
FN:30,(anonymous_2309)
FN:30,(anonymous_2310)
FN:30,(anonymous_2311)
FN:30,(anonymous_2312)
FN:30,(anonymous_2313)
FN:30,(anonymous_2314)
FN:30,(anonymous_2315)
FN:30,(anonymous_2316)
FN:30,d
FN:30,(anonymous_2318)
FN:30,(anonymous_2319)
FN:30,(anonymous_2320)
FN:30,(anonymous_2321)
FN:30,(anonymous_2322)
FN:30,(anonymous_2323)
FN:30,(anonymous_2324)
FN:30,(anonymous_2325)
FN:30,(anonymous_2326)
FN:30,(anonymous_2327)
FN:30,(anonymous_2328)
FN:30,(anonymous_2329)
FN:30,(anonymous_2330)
FN:30,(anonymous_2331)
FN:30,n
FN:30,(anonymous_2333)
FN:30,(anonymous_2334)
FN:30,(anonymous_2335)
FN:30,n
FN:30,r
FN:30,a
FN:30,i
FN:30,(anonymous_2340)
FN:30,(anonymous_2341)
FN:30,(anonymous_2342)
FN:30,(anonymous_2343)
FN:30,(anonymous_2344)
FN:30,(anonymous_2345)
FN:30,(anonymous_2346)
FN:30,(anonymous_2347)
FN:30,(anonymous_2348)
FN:30,(anonymous_2349)
FN:30,(anonymous_2350)
FN:30,(anonymous_2351)
FN:30,(anonymous_2352)
FN:30,(anonymous_2353)
FN:30,(anonymous_2354)
FN:30,(anonymous_2355)
FN:30,(anonymous_2356)
FN:30,(anonymous_2357)
FN:30,(anonymous_2358)
FN:30,(anonymous_2359)
FN:30,(anonymous_2360)
FN:30,(anonymous_2361)
FN:30,(anonymous_2362)
FN:30,(anonymous_2363)
FN:30,(anonymous_2364)
FN:30,(anonymous_2365)
FN:30,(anonymous_2366)
FN:30,(anonymous_2367)
FN:30,(anonymous_2368)
FN:30,(anonymous_2369)
FN:30,(anonymous_2370)
FN:30,(anonymous_2371)
FN:30,(anonymous_2372)
FN:30,(anonymous_2373)
FN:30,(anonymous_2374)
FN:30,(anonymous_2375)
FN:30,(anonymous_2376)
FN:30,(anonymous_2377)
FN:30,(anonymous_2378)
FN:30,(anonymous_2379)
FN:30,(anonymous_2380)
FN:30,(anonymous_2381)
FN:30,(anonymous_2382)
FN:30,(anonymous_2383)
FN:30,(anonymous_2384)
FN:30,(anonymous_2385)
FN:30,(anonymous_2386)
FN:30,(anonymous_2387)
FN:30,(anonymous_2388)
FN:30,(anonymous_2389)
FN:30,(anonymous_2390)
FN:30,(anonymous_2391)
FN:30,(anonymous_2392)
FN:30,(anonymous_2393)
FN:30,(anonymous_2394)
FN:30,(anonymous_2395)
FN:30,(anonymous_2396)
FN:30,(anonymous_2397)
FN:30,(anonymous_2398)
FN:30,(anonymous_2399)
FN:30,(anonymous_2400)
FN:30,(anonymous_2401)
FN:30,(anonymous_2402)
FN:30,(anonymous_2403)
FN:30,(anonymous_2404)
FN:30,(anonymous_2405)
FN:30,(anonymous_2406)
FN:30,(anonymous_2407)
FN:30,(anonymous_2408)
FN:30,(anonymous_2409)
FN:30,(anonymous_2410)
FN:30,(anonymous_2411)
FN:30,(anonymous_2412)
FN:30,(anonymous_2413)
FN:30,(anonymous_2414)
FN:30,(anonymous_2415)
FN:30,(anonymous_2416)
FN:30,(anonymous_2417)
FN:30,(anonymous_2418)
FN:30,(anonymous_2419)
FN:30,(anonymous_2420)
FN:30,(anonymous_2421)
FN:30,(anonymous_2422)
FN:30,(anonymous_2423)
FN:30,(anonymous_2424)
FN:30,(anonymous_2425)
FN:30,(anonymous_2426)
FN:30,(anonymous_2427)
FN:30,(anonymous_2428)
FN:30,(anonymous_2429)
FN:30,(anonymous_2430)
FN:30,(anonymous_2431)
FN:30,(anonymous_2432)
FN:30,(anonymous_2433)
FN:30,(anonymous_2434)
FN:30,t
FN:30,(anonymous_2436)
FN:30,(anonymous_2437)
FN:30,(anonymous_2438)
FN:30,(anonymous_2439)
FN:30,(anonymous_2440)
FN:30,(anonymous_2441)
FN:30,(anonymous_2442)
FN:30,(anonymous_2443)
FN:30,(anonymous_2444)
FN:30,(anonymous_2445)
FN:30,(anonymous_2446)
FN:30,i
FN:30,s
FN:30,o
FN:30,d
FN:30,(anonymous_2451)
FN:30,m
FN:30,f
FN:30,h
FN:30,p
FN:30,(anonymous_2456)
FN:30,(anonymous_2457)
FN:30,(anonymous_2458)
FN:30,(anonymous_2459)
FN:30,(anonymous_2460)
FN:30,(anonymous_2461)
FN:30,(anonymous_2462)
FN:30,(anonymous_2463)
FN:30,(anonymous_2464)
FN:30,(anonymous_2465)
FN:30,(anonymous_2466)
FN:30,(anonymous_2467)
FN:30,(anonymous_2468)
FN:30,(anonymous_2469)
FN:30,(anonymous_2470)
FN:30,(anonymous_2471)
FN:30,(anonymous_2472)
FN:30,(anonymous_2473)
FN:30,(anonymous_2474)
FN:30,(anonymous_2475)
FN:30,(anonymous_2476)
FN:30,(anonymous_2477)
FN:30,(anonymous_2478)
FN:30,a
FN:30,(anonymous_2480)
FN:30,(anonymous_2481)
FN:30,(anonymous_2482)
FN:30,(anonymous_2483)
FN:30,(anonymous_2484)
FN:30,(anonymous_2485)
FN:30,(anonymous_2486)
FN:30,(anonymous_2487)
FN:30,(anonymous_2488)
FN:30,(anonymous_2489)
FN:30,(anonymous_2490)
FN:30,(anonymous_2491)
FN:30,(anonymous_2492)
FN:30,(anonymous_2493)
FN:30,(anonymous_2494)
FN:30,(anonymous_2495)
FN:30,(anonymous_2496)
FN:30,(anonymous_2497)
FN:30,(anonymous_2498)
FNF:2499
FNH:0
FNDA:0,(anonymous_0)
FNDA:0,(anonymous_1)
FNDA:0,(anonymous_2)
FNDA:0,(anonymous_3)
FNDA:0,(anonymous_4)
FNDA:0,(anonymous_5)
FNDA:0,(anonymous_6)
FNDA:0,(anonymous_7)
FNDA:0,(anonymous_8)
FNDA:0,(anonymous_9)
FNDA:0,(anonymous_10)
FNDA:0,(anonymous_11)
FNDA:0,(anonymous_12)
FNDA:0,(anonymous_13)
FNDA:0,(anonymous_14)
FNDA:0,(anonymous_15)
FNDA:0,(anonymous_16)
FNDA:0,(anonymous_17)
FNDA:0,(anonymous_18)
FNDA:0,(anonymous_19)
FNDA:0,(anonymous_20)
FNDA:0,(anonymous_21)
FNDA:0,(anonymous_22)
FNDA:0,(anonymous_23)
FNDA:0,(anonymous_24)
FNDA:0,(anonymous_25)
FNDA:0,(anonymous_26)
FNDA:0,(anonymous_27)
FNDA:0,t
FNDA:0,n
FNDA:0,(anonymous_30)
FNDA:0,(anonymous_31)
FNDA:0,(anonymous_32)
FNDA:0,(anonymous_33)
FNDA:0,(anonymous_34)
FNDA:0,(anonymous_35)
FNDA:0,(anonymous_36)
FNDA:0,(anonymous_37)
FNDA:0,(anonymous_38)
FNDA:0,(anonymous_39)
FNDA:0,(anonymous_40)
FNDA:0,(anonymous_41)
FNDA:0,(anonymous_42)
FNDA:0,(anonymous_43)
FNDA:0,(anonymous_44)
FNDA:0,(anonymous_45)
FNDA:0,(anonymous_46)
FNDA:0,(anonymous_47)
FNDA:0,d
FNDA:0,(anonymous_49)
FNDA:0,(anonymous_50)
FNDA:0,(anonymous_51)
FNDA:0,(anonymous_52)
FNDA:0,(anonymous_53)
FNDA:0,(anonymous_54)
FNDA:0,(anonymous_55)
FNDA:0,(anonymous_56)
FNDA:0,(anonymous_57)
FNDA:0,(anonymous_58)
FNDA:0,(anonymous_59)
FNDA:0,(anonymous_60)
FNDA:0,(anonymous_61)
FNDA:0,(anonymous_62)
FNDA:0,(anonymous_63)
FNDA:0,(anonymous_64)
FNDA:0,(anonymous_65)
FNDA:0,(anonymous_66)
FNDA:0,(anonymous_67)
FNDA:0,(anonymous_68)
FNDA:0,(anonymous_69)
FNDA:0,(anonymous_70)
FNDA:0,(anonymous_71)
FNDA:0,(anonymous_72)
FNDA:0,(anonymous_73)
FNDA:0,(anonymous_74)
FNDA:0,(anonymous_75)
FNDA:0,(anonymous_76)
FNDA:0,t
FNDA:0,(anonymous_78)
FNDA:0,(anonymous_79)
FNDA:0,(anonymous_80)
FNDA:0,(anonymous_81)
FNDA:0,(anonymous_82)
FNDA:0,(anonymous_83)
FNDA:0,(anonymous_84)
FNDA:0,(anonymous_85)
FNDA:0,(anonymous_86)
FNDA:0,(anonymous_87)
FNDA:0,(anonymous_88)
FNDA:0,(anonymous_89)
FNDA:0,(anonymous_90)
FNDA:0,(anonymous_91)
FNDA:0,(anonymous_92)
FNDA:0,(anonymous_93)
FNDA:0,(anonymous_94)
FNDA:0,(anonymous_95)
FNDA:0,(anonymous_96)
FNDA:0,(anonymous_97)
FNDA:0,(anonymous_98)
FNDA:0,(anonymous_99)
FNDA:0,(anonymous_100)
FNDA:0,(anonymous_101)
FNDA:0,(anonymous_102)
FNDA:0,(anonymous_103)
FNDA:0,(anonymous_104)
FNDA:0,(anonymous_105)
FNDA:0,(anonymous_106)
FNDA:0,(anonymous_107)
FNDA:0,(anonymous_108)
FNDA:0,(anonymous_109)
FNDA:0,(anonymous_110)
FNDA:0,(anonymous_111)
FNDA:0,(anonymous_112)
FNDA:0,(anonymous_113)
FNDA:0,(anonymous_114)
FNDA:0,(anonymous_115)
FNDA:0,(anonymous_116)
FNDA:0,(anonymous_117)
FNDA:0,(anonymous_118)
FNDA:0,(anonymous_119)
FNDA:0,(anonymous_120)
FNDA:0,(anonymous_121)
FNDA:0,(anonymous_122)
FNDA:0,(anonymous_123)
FNDA:0,(anonymous_124)
FNDA:0,(anonymous_125)
FNDA:0,(anonymous_126)
FNDA:0,(anonymous_127)
FNDA:0,(anonymous_128)
FNDA:0,(anonymous_129)
FNDA:0,(anonymous_130)
FNDA:0,(anonymous_131)
FNDA:0,(anonymous_132)
FNDA:0,(anonymous_133)
FNDA:0,(anonymous_134)
FNDA:0,(anonymous_135)
FNDA:0,(anonymous_136)
FNDA:0,(anonymous_137)
FNDA:0,(anonymous_138)
FNDA:0,(anonymous_139)
FNDA:0,(anonymous_140)
FNDA:0,(anonymous_141)
FNDA:0,(anonymous_142)
FNDA:0,(anonymous_143)
FNDA:0,(anonymous_144)
FNDA:0,(anonymous_145)
FNDA:0,(anonymous_146)
FNDA:0,(anonymous_147)
FNDA:0,(anonymous_148)
FNDA:0,(anonymous_149)
FNDA:0,(anonymous_150)
FNDA:0,(anonymous_151)
FNDA:0,(anonymous_152)
FNDA:0,(anonymous_153)
FNDA:0,(anonymous_154)
FNDA:0,(anonymous_155)
FNDA:0,(anonymous_156)
FNDA:0,(anonymous_157)
FNDA:0,t
FNDA:0,n
FNDA:0,(anonymous_160)
FNDA:0,(anonymous_161)
FNDA:0,(anonymous_162)
FNDA:0,(anonymous_163)
FNDA:0,(anonymous_164)
FNDA:0,(anonymous_165)
FNDA:0,(anonymous_166)
FNDA:0,(anonymous_167)
FNDA:0,(anonymous_168)
FNDA:0,(anonymous_169)
FNDA:0,(anonymous_170)
FNDA:0,(anonymous_171)
FNDA:0,(anonymous_172)
FNDA:0,(anonymous_173)
FNDA:0,(anonymous_174)
FNDA:0,(anonymous_175)
FNDA:0,(anonymous_176)
FNDA:0,(anonymous_177)
FNDA:0,(anonymous_178)
FNDA:0,(anonymous_179)
FNDA:0,(anonymous_180)
FNDA:0,(anonymous_181)
FNDA:0,(anonymous_182)
FNDA:0,(anonymous_183)
FNDA:0,(anonymous_184)
FNDA:0,(anonymous_185)
FNDA:0,(anonymous_186)
FNDA:0,(anonymous_187)
FNDA:0,(anonymous_188)
FNDA:0,(anonymous_189)
FNDA:0,(anonymous_190)
FNDA:0,(anonymous_191)
FNDA:0,(anonymous_192)
FNDA:0,(anonymous_193)
FNDA:0,(anonymous_194)
FNDA:0,(anonymous_195)
FNDA:0,(anonymous_196)
FNDA:0,(anonymous_197)
FNDA:0,(anonymous_198)
FNDA:0,(anonymous_199)
FNDA:0,(anonymous_200)
FNDA:0,(anonymous_201)
FNDA:0,(anonymous_202)
FNDA:0,(anonymous_203)
FNDA:0,(anonymous_204)
FNDA:0,(anonymous_205)
FNDA:0,(anonymous_206)
FNDA:0,(anonymous_207)
FNDA:0,s
FNDA:0,o
FNDA:0,(anonymous_210)
FNDA:0,(anonymous_211)
FNDA:0,(anonymous_212)
FNDA:0,(anonymous_213)
FNDA:0,(anonymous_214)
FNDA:0,(anonymous_215)
FNDA:0,(anonymous_216)
FNDA:0,(anonymous_217)
FNDA:0,t
FNDA:0,(anonymous_219)
FNDA:0,(anonymous_220)
FNDA:0,(anonymous_221)
FNDA:0,(anonymous_222)
FNDA:0,(anonymous_223)
FNDA:0,(anonymous_224)
FNDA:0,n
FNDA:0,r
FNDA:0,a
FNDA:0,i
FNDA:0,s
FNDA:0,(anonymous_230)
FNDA:0,(anonymous_231)
FNDA:0,(anonymous_232)
FNDA:0,(anonymous_233)
FNDA:0,r
FNDA:0,(anonymous_235)
FNDA:0,(anonymous_236)
FNDA:0,(anonymous_237)
FNDA:0,(anonymous_238)
FNDA:0,(anonymous_239)
FNDA:0,s
FNDA:0,(anonymous_241)
FNDA:0,(anonymous_242)
FNDA:0,(anonymous_243)
FNDA:0,(anonymous_244)
FNDA:0,(anonymous_245)
FNDA:0,(anonymous_246)
FNDA:0,(anonymous_247)
FNDA:0,(anonymous_248)
FNDA:0,i
FNDA:0,(anonymous_250)
FNDA:0,(anonymous_251)
FNDA:0,(anonymous_252)
FNDA:0,d
FNDA:0,(anonymous_254)
FNDA:0,(anonymous_255)
FNDA:0,(anonymous_256)
FNDA:0,(anonymous_257)
FNDA:0,(anonymous_258)
FNDA:0,(anonymous_259)
FNDA:0,(anonymous_260)
FNDA:0,(anonymous_261)
FNDA:0,(anonymous_262)
FNDA:0,(anonymous_263)
FNDA:0,(anonymous_264)
FNDA:0,(anonymous_265)
FNDA:0,(anonymous_266)
FNDA:0,(anonymous_267)
FNDA:0,(anonymous_268)
FNDA:0,(anonymous_269)
FNDA:0,(anonymous_270)
FNDA:0,(anonymous_271)
FNDA:0,(anonymous_272)
FNDA:0,y
FNDA:0,M
FNDA:0,v
FNDA:0,L
FNDA:0,Y
FNDA:0,g
FNDA:0,k
FNDA:0,w
FNDA:0,b
FNDA:0,T
FNDA:0,S
FNDA:0,H
FNDA:0,x
FNDA:0,j
FNDA:0,O
FNDA:0,A
FNDA:0,P
FNDA:0,C
FNDA:0,(anonymous_291)
FNDA:0,W
FNDA:0,(anonymous_293)
FNDA:0,F
FNDA:0,(anonymous_295)
FNDA:0,$
FNDA:0,R
FNDA:0,z
FNDA:0,(anonymous_299)
FNDA:0,N
FNDA:0,I
FNDA:0,(anonymous_302)
FNDA:0,(anonymous_303)
FNDA:0,(anonymous_304)
FNDA:0,J
FNDA:0,(anonymous_306)
FNDA:0,(anonymous_307)
FNDA:0,(anonymous_308)
FNDA:0,(anonymous_309)
FNDA:0,U
FNDA:0,G
FNDA:0,V
FNDA:0,B
FNDA:0,(anonymous_314)
FNDA:0,q
FNDA:0,(anonymous_316)
FNDA:0,K
FNDA:0,(anonymous_318)
FNDA:0,Z
FNDA:0,(anonymous_320)
FNDA:0,X
FNDA:0,(anonymous_322)
FNDA:0,Q
FNDA:0,(anonymous_324)
FNDA:0,(anonymous_325)
FNDA:0,(anonymous_326)
FNDA:0,(anonymous_327)
FNDA:0,(anonymous_328)
FNDA:0,(anonymous_329)
FNDA:0,(anonymous_330)
FNDA:0,te
FNDA:0,ne
FNDA:0,re
FNDA:0,(anonymous_334)
FNDA:0,(anonymous_335)
FNDA:0,ae
FNDA:0,ie
FNDA:0,(anonymous_338)
FNDA:0,(anonymous_339)
FNDA:0,(anonymous_340)
FNDA:0,(anonymous_341)
FNDA:0,se
FNDA:0,oe
FNDA:0,de
FNDA:0,ue
FNDA:0,(anonymous_346)
FNDA:0,ce
FNDA:0,(anonymous_348)
FNDA:0,(anonymous_349)
FNDA:0,(anonymous_350)
FNDA:0,(anonymous_351)
FNDA:0,(anonymous_352)
FNDA:0,_e
FNDA:0,(anonymous_354)
FNDA:0,(anonymous_355)
FNDA:0,(anonymous_356)
FNDA:0,(anonymous_357)
FNDA:0,(anonymous_358)
FNDA:0,le
FNDA:0,r
FNDA:0,(anonymous_361)
FNDA:0,(anonymous_362)
FNDA:0,(anonymous_363)
FNDA:0,(anonymous_364)
FNDA:0,(anonymous_365)
FNDA:0,me
FNDA:0,(anonymous_367)
FNDA:0,(anonymous_368)
FNDA:0,he
FNDA:0,(anonymous_370)
FNDA:0,pe
FNDA:0,(anonymous_372)
FNDA:0,(anonymous_373)
FNDA:0,(anonymous_374)
FNDA:0,(anonymous_375)
FNDA:0,(anonymous_376)
FNDA:0,(anonymous_377)
FNDA:0,(anonymous_378)
FNDA:0,(anonymous_379)
FNDA:0,(anonymous_380)
FNDA:0,(anonymous_381)
FNDA:0,(anonymous_382)
FNDA:0,Me
FNDA:0,(anonymous_384)
FNDA:0,(anonymous_385)
FNDA:0,ve
FNDA:0,(anonymous_387)
FNDA:0,(anonymous_388)
FNDA:0,(anonymous_389)
FNDA:0,(anonymous_390)
FNDA:0,(anonymous_391)
FNDA:0,(anonymous_392)
FNDA:0,(anonymous_393)
FNDA:0,(anonymous_394)
FNDA:0,(anonymous_395)
FNDA:0,(anonymous_396)
FNDA:0,ke
FNDA:0,(anonymous_398)
FNDA:0,(anonymous_399)
FNDA:0,(anonymous_400)
FNDA:0,we
FNDA:0,(anonymous_402)
FNDA:0,(anonymous_403)
FNDA:0,De
FNDA:0,be
FNDA:0,(anonymous_406)
FNDA:0,(anonymous_407)
FNDA:0,(anonymous_408)
FNDA:0,(anonymous_409)
FNDA:0,(anonymous_410)
FNDA:0,(anonymous_411)
FNDA:0,(anonymous_412)
FNDA:0,(anonymous_413)
FNDA:0,(anonymous_414)
FNDA:0,(anonymous_415)
FNDA:0,(anonymous_416)
FNDA:0,(anonymous_417)
FNDA:0,(anonymous_418)
FNDA:0,(anonymous_419)
FNDA:0,(anonymous_420)
FNDA:0,(anonymous_421)
FNDA:0,(anonymous_422)
FNDA:0,(anonymous_423)
FNDA:0,(anonymous_424)
FNDA:0,(anonymous_425)
FNDA:0,(anonymous_426)
FNDA:0,(anonymous_427)
FNDA:0,(anonymous_428)
FNDA:0,(anonymous_429)
FNDA:0,(anonymous_430)
FNDA:0,(anonymous_431)
FNDA:0,(anonymous_432)
FNDA:0,(anonymous_433)
FNDA:0,(anonymous_434)
FNDA:0,(anonymous_435)
FNDA:0,(anonymous_436)
FNDA:0,(anonymous_437)
FNDA:0,r
FNDA:0,a
FNDA:0,i
FNDA:0,s
FNDA:0,o
FNDA:0,d
FNDA:0,c
FNDA:0,_
FNDA:0,l
FNDA:0,m
FNDA:0,f
FNDA:0,h
FNDA:0,p
FNDA:0,(anonymous_451)
FNDA:0,(anonymous_452)
FNDA:0,M
FNDA:0,L
FNDA:0,Y
FNDA:0,(anonymous_456)
FNDA:0,(anonymous_457)
FNDA:0,(anonymous_458)
FNDA:0,(anonymous_459)
FNDA:0,(anonymous_460)
FNDA:0,T
FNDA:0,n
FNDA:0,S
FNDA:0,x
FNDA:0,j
FNDA:0,O
FNDA:0,A
FNDA:0,(anonymous_468)
FNDA:0,(anonymous_469)
FNDA:0,C
FNDA:0,(anonymous_471)
FNDA:0,(anonymous_472)
FNDA:0,W
FNDA:0,F
FNDA:0,(anonymous_475)
FNDA:0,J
FNDA:0,U
FNDA:0,V
FNDA:0,(anonymous_479)
FNDA:0,(anonymous_480)
FNDA:0,(anonymous_481)
FNDA:0,ce
FNDA:0,(anonymous_483)
FNDA:0,e
FNDA:0,(anonymous_485)
FNDA:0,(anonymous_486)
FNDA:0,(anonymous_487)
FNDA:0,(anonymous_488)
FNDA:0,(anonymous_489)
FNDA:0,(anonymous_490)
FNDA:0,(anonymous_491)
FNDA:0,(anonymous_492)
FNDA:0,ye
FNDA:0,Me
FNDA:0,(anonymous_495)
FNDA:0,(anonymous_496)
FNDA:0,(anonymous_497)
FNDA:0,ge
FNDA:0,ke
FNDA:0,(anonymous_500)
FNDA:0,(anonymous_501)
FNDA:0,He
FNDA:0,(anonymous_503)
FNDA:0,je
FNDA:0,Oe
FNDA:0,Ae
FNDA:0,Pe
FNDA:0,(anonymous_508)
FNDA:0,(anonymous_509)
FNDA:0,Ee
FNDA:0,Ce
FNDA:0,We
FNDA:0,(anonymous_513)
FNDA:0,(anonymous_514)
FNDA:0,$e
FNDA:0,Re
FNDA:0,(anonymous_517)
FNDA:0,(anonymous_518)
FNDA:0,ze
FNDA:0,Ne
FNDA:0,Ie
FNDA:0,(anonymous_522)
FNDA:0,(anonymous_523)
FNDA:0,(anonymous_524)
FNDA:0,(anonymous_525)
FNDA:0,(anonymous_526)
FNDA:0,(anonymous_527)
FNDA:0,Ue
FNDA:0,Ge
FNDA:0,Ve
FNDA:0,Be
FNDA:0,o
FNDA:0,qe
FNDA:0,Ke
FNDA:0,Ze
FNDA:0,Xe
FNDA:0,Qe
FNDA:0,et
FNDA:0,tt
FNDA:0,nt
FNDA:0,(anonymous_541)
FNDA:0,rt
FNDA:0,at
FNDA:0,ut
FNDA:0,(anonymous_545)
FNDA:0,(anonymous_546)
FNDA:0,(anonymous_547)
FNDA:0,(anonymous_548)
FNDA:0,ft
FNDA:0,(anonymous_550)
FNDA:0,(anonymous_551)
FNDA:0,pt
FNDA:0,yt
FNDA:0,(anonymous_554)
FNDA:0,vt
FNDA:0,n
FNDA:0,Lt
FNDA:0,Yt
FNDA:0,d
FNDA:0,gt
FNDA:0,kt
FNDA:0,wt
FNDA:0,Dt
FNDA:0,bt
FNDA:0,Tt
FNDA:0,St
FNDA:0,Ht
FNDA:0,(anonymous_568)
FNDA:0,xt
FNDA:0,jt
FNDA:0,Ot
FNDA:0,At
FNDA:0,Pt
FNDA:0,(anonymous_574)
FNDA:0,Et
FNDA:0,(anonymous_576)
FNDA:0,Ct
FNDA:0,Wt
FNDA:0,Ft
FNDA:0,$t
FNDA:0,Rt
FNDA:0,zt
FNDA:0,(anonymous_583)
FNDA:0,(anonymous_584)
FNDA:0,Nt
FNDA:0,It
FNDA:0,Jt
FNDA:0,Ut
FNDA:0,Gt
FNDA:0,Vt
FNDA:0,Bt
FNDA:0,qt
FNDA:0,Kt
FNDA:0,Zt
FNDA:0,(anonymous_595)
FNDA:0,(anonymous_596)
FNDA:0,(anonymous_597)
FNDA:0,(anonymous_598)
FNDA:0,Xt
FNDA:0,Qt
FNDA:0,en
FNDA:0,(anonymous_602)
FNDA:0,(anonymous_603)
FNDA:0,(anonymous_604)
FNDA:0,(anonymous_605)
FNDA:0,rn
FNDA:0,an
FNDA:0,sn
FNDA:0,on
FNDA:0,(anonymous_610)
FNDA:0,dn
FNDA:0,_n
FNDA:0,ln
FNDA:0,mn
FNDA:0,fn
FNDA:0,hn
FNDA:0,(anonymous_617)
FNDA:0,(anonymous_618)
FNDA:0,Mn
FNDA:0,(anonymous_620)
FNDA:0,(anonymous_621)
FNDA:0,vn
FNDA:0,Ln
FNDA:0,Yn
FNDA:0,(anonymous_625)
FNDA:0,(anonymous_626)
FNDA:0,(anonymous_627)
FNDA:0,(anonymous_628)
FNDA:0,(anonymous_629)
FNDA:0,(anonymous_630)
FNDA:0,gn
FNDA:0,kn
FNDA:0,wn
FNDA:0,Dn
FNDA:0,bn
FNDA:0,Tn
FNDA:0,r
FNDA:0,Sn
FNDA:0,Hn
FNDA:0,(anonymous_640)
FNDA:0,(anonymous_641)
FNDA:0,r
FNDA:0,(anonymous_643)
FNDA:0,(anonymous_644)
FNDA:0,jn
FNDA:0,(anonymous_646)
FNDA:0,On
FNDA:0,An
FNDA:0,(anonymous_649)
FNDA:0,(anonymous_650)
FNDA:0,(anonymous_651)
FNDA:0,Pn
FNDA:0,(anonymous_653)
FNDA:0,(anonymous_654)
FNDA:0,En
FNDA:0,Cn
FNDA:0,Wn
FNDA:0,Fn
FNDA:0,$n
FNDA:0,Gn
FNDA:0,(anonymous_661)
FNDA:0,Kn
FNDA:0,(anonymous_663)
FNDA:0,Zn
FNDA:0,Xn
FNDA:0,Qn
FNDA:0,er
FNDA:0,(anonymous_668)
FNDA:0,(anonymous_669)
FNDA:0,(anonymous_670)
FNDA:0,(anonymous_671)
FNDA:0,(anonymous_672)
FNDA:0,(anonymous_673)
FNDA:0,(anonymous_674)
FNDA:0,(anonymous_675)
FNDA:0,(anonymous_676)
FNDA:0,ar
FNDA:0,(anonymous_678)
FNDA:0,(anonymous_679)
FNDA:0,ir
FNDA:0,sr
FNDA:0,(anonymous_682)
FNDA:0,or
FNDA:0,dr
FNDA:0,cr
FNDA:0,_r
FNDA:0,lr
FNDA:0,(anonymous_688)
FNDA:0,mr
FNDA:0,(anonymous_690)
FNDA:0,fr
FNDA:0,hr
FNDA:0,pr
FNDA:0,yr
FNDA:0,(anonymous_695)
FNDA:0,(anonymous_696)
FNDA:0,(anonymous_697)
FNDA:0,(anonymous_698)
FNDA:0,vr
FNDA:0,(anonymous_700)
FNDA:0,Lr
FNDA:0,Yr
FNDA:0,gr
FNDA:0,kr
FNDA:0,wr
FNDA:0,(anonymous_706)
FNDA:0,Dr
FNDA:0,(anonymous_708)
FNDA:0,br
FNDA:0,(anonymous_710)
FNDA:0,(anonymous_711)
FNDA:0,(anonymous_712)
FNDA:0,Tr
FNDA:0,Sr
FNDA:0,Hr
FNDA:0,(anonymous_716)
FNDA:0,(anonymous_717)
FNDA:0,xr
FNDA:0,jr
FNDA:0,Or
FNDA:0,Ar
FNDA:0,(anonymous_722)
FNDA:0,(anonymous_723)
FNDA:0,(anonymous_724)
FNDA:0,(anonymous_725)
FNDA:0,(anonymous_726)
FNDA:0,(anonymous_727)
FNDA:0,(anonymous_728)
FNDA:0,(anonymous_729)
FNDA:0,Wr
FNDA:0,(anonymous_731)
FNDA:0,(anonymous_732)
FNDA:0,(anonymous_733)
FNDA:0,(anonymous_734)
FNDA:0,(anonymous_735)
FNDA:0,(anonymous_736)
FNDA:0,(anonymous_737)
FNDA:0,(anonymous_738)
FNDA:0,(anonymous_739)
FNDA:0,qr
FNDA:0,Kr
FNDA:0,Zr
FNDA:0,Xr
FNDA:0,Qr
FNDA:0,ea
FNDA:0,ta
FNDA:0,(anonymous_747)
FNDA:0,sa
FNDA:0,da
FNDA:0,ca
FNDA:0,_a
FNDA:0,la
FNDA:0,ma
FNDA:0,fa
FNDA:0,ha
FNDA:0,pa
FNDA:0,ya
FNDA:0,Ma
FNDA:0,va
FNDA:0,La
FNDA:0,Ya
FNDA:0,ga
FNDA:0,(anonymous_763)
FNDA:0,(anonymous_764)
FNDA:0,(anonymous_765)
FNDA:0,Da
FNDA:0,Sa
FNDA:0,Ha
FNDA:0,xa
FNDA:0,ja
FNDA:0,c
FNDA:0,_
FNDA:0,n
FNDA:0,l
FNDA:0,m
FNDA:0,f
FNDA:0,h
FNDA:0,y
FNDA:0,M
FNDA:0,v
FNDA:0,L
FNDA:0,Y
FNDA:0,g
FNDA:0,k
FNDA:0,w
FNDA:0,D
FNDA:0,b
FNDA:0,T
FNDA:0,S
FNDA:0,H
FNDA:0,x
FNDA:0,O
FNDA:0,(anonymous_793)
FNDA:0,(anonymous_794)
FNDA:0,Aa
FNDA:0,Pa
FNDA:0,(anonymous_797)
FNDA:0,(anonymous_798)
FNDA:0,Ca
FNDA:0,Wa
FNDA:0,Fa
FNDA:0,Ra
FNDA:0,za
FNDA:0,Na
FNDA:0,(anonymous_805)
FNDA:0,Ja
FNDA:0,qa
FNDA:0,Ka
FNDA:0,a
FNDA:0,Xa
FNDA:0,(anonymous_811)
FNDA:0,Qa
FNDA:0,ei
FNDA:0,ri
FNDA:0,ai
FNDA:0,ii
FNDA:0,si
FNDA:0,(anonymous_818)
FNDA:0,(anonymous_819)
FNDA:0,ui
FNDA:0,ci
FNDA:0,_i
FNDA:0,(anonymous_823)
FNDA:0,(anonymous_824)
FNDA:0,Mi
FNDA:0,Yi
FNDA:0,(anonymous_827)
FNDA:0,gi
FNDA:0,(anonymous_829)
FNDA:0,ki
FNDA:0,(anonymous_831)
FNDA:0,(anonymous_832)
FNDA:0,Ai
FNDA:0,(anonymous_834)
FNDA:0,Pi
FNDA:0,Ei
FNDA:0,Ci
FNDA:0,(anonymous_838)
FNDA:0,(anonymous_839)
FNDA:0,(anonymous_840)
FNDA:0,Fi
FNDA:0,$i
FNDA:0,(anonymous_843)
FNDA:0,Ri
FNDA:0,zi
FNDA:0,(anonymous_846)
FNDA:0,(anonymous_847)
FNDA:0,(anonymous_848)
FNDA:0,Ni
FNDA:0,(anonymous_850)
FNDA:0,k
FNDA:0,(anonymous_852)
FNDA:0,Ii
FNDA:0,Ji
FNDA:0,Ui
FNDA:0,(anonymous_856)
FNDA:0,(anonymous_857)
FNDA:0,(anonymous_858)
FNDA:0,(anonymous_859)
FNDA:0,(anonymous_860)
FNDA:0,(anonymous_861)
FNDA:0,(anonymous_862)
FNDA:0,Zi
FNDA:0,(anonymous_864)
FNDA:0,Xi
FNDA:0,Qi
FNDA:0,(anonymous_867)
FNDA:0,es
FNDA:0,ts
FNDA:0,ns
FNDA:0,rs
FNDA:0,as
FNDA:0,(anonymous_873)
FNDA:0,(anonymous_874)
FNDA:0,(anonymous_875)
FNDA:0,(anonymous_876)
FNDA:0,(anonymous_877)
FNDA:0,(anonymous_878)
FNDA:0,ds
FNDA:0,us
FNDA:0,cs
FNDA:0,_s
FNDA:0,ls
FNDA:0,(anonymous_884)
FNDA:0,(anonymous_885)
FNDA:0,(anonymous_886)
FNDA:0,(anonymous_887)
FNDA:0,(anonymous_888)
FNDA:0,(anonymous_889)
FNDA:0,(anonymous_890)
FNDA:0,(anonymous_891)
FNDA:0,(anonymous_892)
FNDA:0,(anonymous_893)
FNDA:0,(anonymous_894)
FNDA:0,e
FNDA:0,(anonymous_896)
FNDA:0,(anonymous_897)
FNDA:0,Ms
FNDA:0,vs
FNDA:0,Ls
FNDA:0,(anonymous_901)
FNDA:0,(anonymous_902)
FNDA:0,(anonymous_903)
FNDA:0,(anonymous_904)
FNDA:0,(anonymous_905)
FNDA:0,(anonymous_906)
FNDA:0,(anonymous_907)
FNDA:0,(anonymous_908)
FNDA:0,(anonymous_909)
FNDA:0,(anonymous_910)
FNDA:0,(anonymous_911)
FNDA:0,(anonymous_912)
FNDA:0,(anonymous_913)
FNDA:0,(anonymous_914)
FNDA:0,(anonymous_915)
FNDA:0,(anonymous_916)
FNDA:0,(anonymous_917)
FNDA:0,(anonymous_918)
FNDA:0,(anonymous_919)
FNDA:0,(anonymous_920)
FNDA:0,(anonymous_921)
FNDA:0,(anonymous_922)
FNDA:0,n
FNDA:0,(anonymous_924)
FNDA:0,r
FNDA:0,i
FNDA:0,(anonymous_927)
FNDA:0,(anonymous_928)
FNDA:0,s
FNDA:0,(anonymous_930)
FNDA:0,o
FNDA:0,d
FNDA:0,u
FNDA:0,(anonymous_934)
FNDA:0,(anonymous_935)
FNDA:0,(anonymous_936)
FNDA:0,(anonymous_937)
FNDA:0,(anonymous_938)
FNDA:0,(anonymous_939)
FNDA:0,(anonymous_940)
FNDA:0,(anonymous_941)
FNDA:0,(anonymous_942)
FNDA:0,(anonymous_943)
FNDA:0,(anonymous_944)
FNDA:0,(anonymous_945)
FNDA:0,m
FNDA:0,(anonymous_947)
FNDA:0,(anonymous_948)
FNDA:0,(anonymous_949)
FNDA:0,(anonymous_950)
FNDA:0,(anonymous_951)
FNDA:0,(anonymous_952)
FNDA:0,(anonymous_953)
FNDA:0,(anonymous_954)
FNDA:0,(anonymous_955)
FNDA:0,(anonymous_956)
FNDA:0,(anonymous_957)
FNDA:0,(anonymous_958)
FNDA:0,y
FNDA:0,(anonymous_960)
FNDA:0,M
FNDA:0,v
FNDA:0,(anonymous_963)
FNDA:0,(anonymous_964)
FNDA:0,(anonymous_965)
FNDA:0,(anonymous_966)
FNDA:0,L
FNDA:0,(anonymous_968)
FNDA:0,(anonymous_969)
FNDA:0,(anonymous_970)
FNDA:0,(anonymous_971)
FNDA:0,(anonymous_972)
FNDA:0,Y
FNDA:0,(anonymous_974)
FNDA:0,(anonymous_975)
FNDA:0,(anonymous_976)
FNDA:0,(anonymous_977)
FNDA:0,(anonymous_978)
FNDA:0,g
FNDA:0,(anonymous_980)
FNDA:0,(anonymous_981)
FNDA:0,k
FNDA:0,(anonymous_983)
FNDA:0,w
FNDA:0,(anonymous_985)
FNDA:0,(anonymous_986)
FNDA:0,D
FNDA:0,(anonymous_988)
FNDA:0,b
FNDA:0,(anonymous_990)
FNDA:0,(anonymous_991)
FNDA:0,T
FNDA:0,(anonymous_993)
FNDA:0,S
FNDA:0,H
FNDA:0,(anonymous_996)
FNDA:0,(anonymous_997)
FNDA:0,(anonymous_998)
FNDA:0,(anonymous_999)
FNDA:0,(anonymous_1000)
FNDA:0,(anonymous_1001)
FNDA:0,(anonymous_1002)
FNDA:0,(anonymous_1003)
FNDA:0,(anonymous_1004)
FNDA:0,(anonymous_1005)
FNDA:0,(anonymous_1006)
FNDA:0,(anonymous_1007)
FNDA:0,(anonymous_1008)
FNDA:0,(anonymous_1009)
FNDA:0,(anonymous_1010)
FNDA:0,(anonymous_1011)
FNDA:0,(anonymous_1012)
FNDA:0,(anonymous_1013)
FNDA:0,(anonymous_1014)
FNDA:0,(anonymous_1015)
FNDA:0,(anonymous_1016)
FNDA:0,(anonymous_1017)
FNDA:0,(anonymous_1018)
FNDA:0,(anonymous_1019)
FNDA:0,(anonymous_1020)
FNDA:0,(anonymous_1021)
FNDA:0,(anonymous_1022)
FNDA:0,(anonymous_1023)
FNDA:0,(anonymous_1024)
FNDA:0,(anonymous_1025)
FNDA:0,(anonymous_1026)
FNDA:0,(anonymous_1027)
FNDA:0,(anonymous_1028)
FNDA:0,(anonymous_1029)
FNDA:0,(anonymous_1030)
FNDA:0,(anonymous_1031)
FNDA:0,(anonymous_1032)
FNDA:0,E
FNDA:0,(anonymous_1034)
FNDA:0,(anonymous_1035)
FNDA:0,C
FNDA:0,(anonymous_1037)
FNDA:0,W
FNDA:0,(anonymous_1039)
FNDA:0,a
FNDA:0,(anonymous_1041)
FNDA:0,(anonymous_1042)
FNDA:0,(anonymous_1043)
FNDA:0,(anonymous_1044)
FNDA:0,(anonymous_1045)
FNDA:0,(anonymous_1046)
FNDA:0,(anonymous_1047)
FNDA:0,(anonymous_1048)
FNDA:0,(anonymous_1049)
FNDA:0,(anonymous_1050)
FNDA:0,(anonymous_1051)
FNDA:0,(anonymous_1052)
FNDA:0,(anonymous_1053)
FNDA:0,(anonymous_1054)
FNDA:0,(anonymous_1055)
FNDA:0,(anonymous_1056)
FNDA:0,(anonymous_1057)
FNDA:0,(anonymous_1058)
FNDA:0,(anonymous_1059)
FNDA:0,(anonymous_1060)
FNDA:0,(anonymous_1061)
FNDA:0,(anonymous_1062)
FNDA:0,(anonymous_1063)
FNDA:0,(anonymous_1064)
FNDA:0,(anonymous_1065)
FNDA:0,a
FNDA:0,(anonymous_1067)
FNDA:0,(anonymous_1068)
FNDA:0,(anonymous_1069)
FNDA:0,(anonymous_1070)
FNDA:0,(anonymous_1071)
FNDA:0,(anonymous_1072)
FNDA:0,(anonymous_1073)
FNDA:0,(anonymous_1074)
FNDA:0,(anonymous_1075)
FNDA:0,(anonymous_1076)
FNDA:0,r
FNDA:0,(anonymous_1078)
FNDA:0,(anonymous_1079)
FNDA:0,(anonymous_1080)
FNDA:0,(anonymous_1081)
FNDA:0,(anonymous_1082)
FNDA:0,(anonymous_1083)
FNDA:0,(anonymous_1084)
FNDA:0,(anonymous_1085)
FNDA:0,(anonymous_1086)
FNDA:0,(anonymous_1087)
FNDA:0,(anonymous_1088)
FNDA:0,(anonymous_1089)
FNDA:0,(anonymous_1090)
FNDA:0,(anonymous_1091)
FNDA:0,(anonymous_1092)
FNDA:0,(anonymous_1093)
FNDA:0,(anonymous_1094)
FNDA:0,(anonymous_1095)
FNDA:0,(anonymous_1096)
FNDA:0,(anonymous_1097)
FNDA:0,(anonymous_1098)
FNDA:0,(anonymous_1099)
FNDA:0,(anonymous_1100)
FNDA:0,(anonymous_1101)
FNDA:0,i
FNDA:0,s
FNDA:0,(anonymous_1104)
FNDA:0,(anonymous_1105)
FNDA:0,(anonymous_1106)
FNDA:0,(anonymous_1107)
FNDA:0,(anonymous_1108)
FNDA:0,(anonymous_1109)
FNDA:0,(anonymous_1110)
FNDA:0,(anonymous_1111)
FNDA:0,(anonymous_1112)
FNDA:0,(anonymous_1113)
FNDA:0,(anonymous_1114)
FNDA:0,(anonymous_1115)
FNDA:0,(anonymous_1116)
FNDA:0,(anonymous_1117)
FNDA:0,(anonymous_1118)
FNDA:0,(anonymous_1119)
FNDA:0,(anonymous_1120)
FNDA:0,(anonymous_1121)
FNDA:0,(anonymous_1122)
FNDA:0,(anonymous_1123)
FNDA:0,(anonymous_1124)
FNDA:0,(anonymous_1125)
FNDA:0,(anonymous_1126)
FNDA:0,(anonymous_1127)
FNDA:0,(anonymous_1128)
FNDA:0,(anonymous_1129)
FNDA:0,(anonymous_1130)
FNDA:0,(anonymous_1131)
FNDA:0,(anonymous_1132)
FNDA:0,(anonymous_1133)
FNDA:0,(anonymous_1134)
FNDA:0,t
FNDA:0,n
FNDA:0,r
FNDA:0,a
FNDA:0,(anonymous_1139)
FNDA:0,(anonymous_1140)
FNDA:0,(anonymous_1141)
FNDA:0,(anonymous_1142)
[...]
BRDA:23,3166,1,0
BRDA:23,3167,0,0
BRDA:23,3167,1,0
BRDA:23,3168,0,0
BRDA:23,3168,1,0
BRDA:23,3169,0,0
BRDA:23,3169,1,0
BRDA:23,3170,0,0
BRDA:23,3170,1,0
BRDA:23,3171,0,0
BRDA:23,3171,1,0
BRDA:23,3172,0,0
BRDA:23,3172,1,0
BRDA:23,3173,0,0
BRDA:23,3173,1,0
BRDA:23,3174,0,0
BRDA:23,3174,1,0
BRDA:23,3175,0,0
BRDA:23,3175,1,0
BRDA:23,3176,0,0
BRDA:23,3176,1,0
BRDA:23,3177,0,0
BRDA:23,3177,1,0
BRDA:23,3178,0,0
BRDA:23,3178,1,0
BRDA:23,3179,0,0
BRDA:23,3179,1,0
BRDA:23,3180,0,0
BRDA:23,3180,1,0
BRDA:23,3181,0,0
BRDA:23,3181,1,0
BRDA:23,3182,0,0
BRDA:23,3182,1,0
BRDA:23,3183,0,0
BRDA:23,3183,1,0
BRDA:23,3184,0,0
BRDA:23,3184,1,0
BRDA:23,3185,0,0
BRDA:23,3185,1,0
BRDA:23,3186,0,0
BRDA:23,3186,1,0
BRDA:23,3187,0,0
BRDA:23,3187,1,0
BRDA:23,3187,2,0
BRDA:23,3188,0,0
BRDA:23,3188,1,0
BRDA:23,3189,0,0
BRDA:23,3189,1,0
BRDA:23,3189,2,0
BRDA:23,3189,3,0
BRDA:23,3190,0,0
BRDA:23,3190,1,0
BRDA:23,3191,0,0
BRDA:23,3191,1,0
BRDA:23,3192,0,0
BRDA:23,3192,1,0
BRDA:23,3193,0,0
BRDA:23,3193,1,0
BRDA:23,3193,2,0
BRDA:23,3194,0,0
BRDA:23,3194,1,0
BRDA:23,3194,2,0
BRDA:23,3195,0,0
BRDA:23,3195,1,0
BRDA:23,3196,0,0
BRDA:23,3196,1,0
BRDA:23,3197,0,0
BRDA:23,3197,1,0
BRDA:23,3198,0,0
BRDA:23,3198,1,0
BRDA:23,3198,2,0
BRDA:23,3199,0,0
BRDA:23,3199,1,0
BRDA:23,3200,0,0
BRDA:23,3200,1,0
BRDA:23,3201,0,0
BRDA:23,3201,1,0
BRDA:23,3202,0,0
BRDA:23,3202,1,0
BRDA:23,3203,0,0
BRDA:23,3203,1,0
BRDA:23,3204,0,0
BRDA:23,3204,1,0
BRDA:23,3205,0,0
BRDA:23,3205,1,0
BRDA:23,3206,0,0
BRDA:23,3206,1,0
BRDA:23,3206,2,0
BRDA:23,3207,0,0
BRDA:23,3207,1,0
BRDA:23,3208,0,0
BRDA:23,3208,1,0
BRDA:23,3209,0,0
BRDA:23,3209,1,0
BRDA:23,3210,0,0
BRDA:23,3210,1,0
BRDA:23,3211,0,0
BRDA:23,3211,1,0
BRDA:23,3212,0,0
BRDA:23,3212,1,0
BRDA:23,3213,0,0
BRDA:23,3213,1,0
BRDA:23,3214,0,0
BRDA:23,3214,1,0
BRDA:23,3215,0,0
BRDA:23,3215,1,0
BRDA:23,3216,0,0
BRDA:23,3216,1,0
BRDA:23,3217,0,0
BRDA:23,3217,1,0
BRDA:23,3218,0,0
BRDA:23,3218,1,0
BRDA:23,3219,0,0
BRDA:23,3219,1,0
BRDA:23,3219,2,0
BRDA:23,3220,0,0
BRDA:23,3220,1,0
BRDA:23,3220,2,0
BRDA:23,3220,3,0
BRDA:23,3220,4,0
BRDA:23,3221,0,0
BRDA:23,3221,1,0
BRDA:23,3222,0,0
BRDA:23,3222,1,0
BRDA:23,3223,0,0
BRDA:23,3223,1,0
BRDA:23,3224,0,0
BRDA:23,3224,1,0
BRDA:23,3225,0,0
BRDA:23,3225,1,0
BRDA:23,3226,0,0
BRDA:23,3226,1,0
BRDA:23,3227,0,0
BRDA:23,3227,1,0
BRDA:23,3228,0,0
BRDA:23,3228,1,0
BRDA:23,3229,0,0
BRDA:23,3229,1,0
BRDA:23,3229,2,0
BRDA:23,3230,0,0
BRDA:23,3230,1,0
BRDA:23,3230,2,0
BRDA:23,3231,0,0
BRDA:23,3231,1,0
BRDA:23,3232,0,0
BRDA:23,3232,1,0
BRDA:23,3233,0,0
BRDA:23,3233,1,0
BRDA:23,3233,2,0
BRDA:23,3234,0,0
BRDA:23,3234,1,0
BRDA:23,3235,0,0
BRDA:23,3235,1,0
BRDA:23,3236,0,0
BRDA:23,3236,1,0
BRDA:23,3237,0,0
BRDA:23,3237,1,0
BRDA:23,3238,0,0
BRDA:23,3238,1,0
BRDA:23,3239,0,0
BRDA:23,3239,1,0
BRDA:23,3240,0,0
BRDA:23,3240,1,0
BRDA:23,3240,2,0
BRDA:23,3241,0,0
BRDA:23,3241,1,0
BRDA:23,3242,0,0
BRDA:23,3242,1,0
BRDA:23,3243,0,0
BRDA:23,3243,1,0
BRDA:23,3244,0,0
BRDA:23,3244,1,0
BRDA:23,3245,0,0
BRDA:23,3245,1,0
BRDA:23,3246,0,0
BRDA:23,3246,1,0
BRDA:23,3247,0,0
BRDA:23,3247,1,0
BRDA:23,3248,0,0
BRDA:23,3248,1,0
BRDA:23,3249,0,0
BRDA:23,3249,1,0
BRDA:23,3250,0,0
BRDA:23,3250,1,0
BRDA:23,3251,0,0
BRDA:23,3251,1,0
BRDA:23,3252,0,0
BRDA:23,3252,1,0
BRDA:23,3253,0,0
BRDA:23,3253,1,0
BRDA:23,3254,0,0
BRDA:23,3254,1,0
BRDA:23,3255,0,0
BRDA:23,3255,1,0
BRDA:23,3256,0,0
BRDA:23,3256,1,0
BRDA:23,3257,0,0
BRDA:23,3257,1,0
BRDA:23,3258,0,0
BRDA:23,3258,1,0
BRDA:23,3259,0,0
BRDA:23,3259,1,0
BRDA:23,3260,0,0
BRDA:23,3260,1,0
BRDA:23,3261,0,0
BRDA:23,3261,1,0
BRDA:23,3262,0,0
BRDA:23,3262,1,0
BRDA:23,3263,0,0
BRDA:23,3263,1,0
BRDA:23,3263,2,0
BRDA:23,3264,0,0
BRDA:23,3264,1,0
BRDA:23,3264,2,0
BRDA:23,3265,0,0
BRDA:23,3265,1,0
BRDA:23,3266,0,0
BRDA:23,3266,1,0
BRDA:23,3267,0,0
BRDA:23,3267,1,0
BRDA:23,3268,0,0
BRDA:23,3268,1,0
BRDA:23,3269,0,0
BRDA:23,3269,1,0
BRDA:23,3270,0,0
BRDA:23,3270,1,0
BRDA:23,3271,0,0
BRDA:23,3271,1,0
BRDA:23,3272,0,0
BRDA:23,3272,1,0
BRDA:23,3273,0,0
BRDA:23,3273,1,0
BRDA:23,3274,0,0
BRDA:23,3274,1,0
BRDA:23,3275,0,0
BRDA:23,3275,1,0
BRDA:23,3276,0,0
BRDA:23,3276,1,0
BRDA:23,3277,0,0
BRDA:23,3277,1,0
BRDA:23,3278,0,0
BRDA:23,3278,1,0
BRDA:23,3279,0,0
BRDA:23,3279,1,0
BRDA:23,3280,0,0
BRDA:23,3280,1,0
BRDA:23,3281,0,0
BRDA:23,3281,1,0
BRDA:23,3282,0,0
BRDA:23,3282,1,0
BRDA:23,3283,0,0
BRDA:23,3283,1,0
BRDA:23,3284,0,0
BRDA:23,3284,1,0
BRDA:23,3285,0,0
BRDA:23,3285,1,0
BRDA:23,3286,0,0
BRDA:23,3286,1,0
BRDA:23,3287,0,0
BRDA:23,3287,1,0
BRDA:23,3287,2,0
BRDA:23,3288,0,0
BRDA:23,3288,1,0
BRDA:23,3289,0,0
BRDA:23,3289,1,0
BRDA:23,3290,0,0
BRDA:23,3290,1,0
BRDA:23,3291,0,0
BRDA:23,3291,1,0
BRDA:23,3292,0,0
BRDA:23,3292,1,0
BRDA:23,3293,0,0
BRDA:23,3293,1,0
BRDA:23,3294,0,0
BRDA:23,3294,1,0
BRDA:23,3295,0,0
BRDA:23,3295,1,0
BRDA:23,3296,0,0
BRDA:23,3296,1,0
BRDA:23,3296,2,0
BRDA:23,3296,3,0
BRDA:23,3297,0,0
BRDA:23,3297,1,0
BRDA:23,3297,2,0
BRDA:23,3298,0,0
BRDA:23,3298,1,0
BRDA:23,3299,0,0
BRDA:23,3299,1,0
BRDA:23,3300,0,0
BRDA:23,3300,1,0
BRDA:23,3301,0,0
BRDA:23,3301,1,0
BRDA:23,3302,0,0
BRDA:23,3302,1,0
BRDA:23,3303,0,0
BRDA:23,3303,1,0
BRDA:23,3304,0,0
BRDA:23,3304,1,0
BRDA:23,3304,2,0
BRDA:23,3305,0,0
BRDA:23,3305,1,0
BRDA:23,3306,0,0
BRDA:23,3306,1,0
BRDA:23,3307,0,0
BRDA:23,3307,1,0
BRDA:23,3308,0,0
BRDA:23,3308,1,0
BRDA:23,3309,0,0
BRDA:23,3309,1,0
BRDA:23,3310,0,0
BRDA:23,3310,1,0
BRDA:23,3311,0,0
BRDA:23,3311,1,0
BRDA:23,3312,0,0
BRDA:23,3312,1,0
BRDA:23,3313,0,0
BRDA:23,3313,1,0
BRDA:23,3314,0,0
BRDA:23,3314,1,0
BRDA:23,3315,0,0
BRDA:23,3315,1,0
BRDA:23,3316,0,0
BRDA:23,3316,1,0
BRDA:23,3317,0,0
BRDA:23,3317,1,0
BRDA:23,3318,0,0
BRDA:23,3318,1,0
BRDA:23,3319,0,0
BRDA:23,3319,1,0
BRDA:23,3320,0,0
BRDA:23,3320,1,0
BRDA:23,3321,0,0
BRDA:23,3321,1,0
BRDA:23,3322,0,0
BRDA:23,3322,1,0
BRDA:23,3323,0,0
BRDA:23,3323,1,0
BRDA:23,3324,0,0
BRDA:23,3324,1,0
BRDA:23,3325,0,0
BRDA:23,3325,1,0
BRDA:23,3326,0,0
BRDA:23,3326,1,0
BRDA:23,3327,0,0
BRDA:23,3327,1,0
BRDA:23,3328,0,0
BRDA:23,3328,1,0
BRDA:23,3329,0,0
BRDA:23,3329,1,0
BRDA:23,3330,0,0
BRDA:23,3330,1,0
BRDA:23,3331,0,0
BRDA:23,3331,1,0
BRDA:23,3332,0,0
BRDA:23,3332,1,0
BRDA:23,3333,0,0
BRDA:23,3333,1,0
BRDA:23,3334,0,0
BRDA:23,3334,1,0
BRDA:23,3335,0,0
BRDA:23,3335,1,0
BRDA:23,3336,0,0
BRDA:23,3336,1,0
BRDA:23,3337,0,0
BRDA:23,3337,1,0
BRDA:23,3337,2,0
BRDA:23,3338,0,0
BRDA:23,3338,1,0
BRDA:23,3339,0,0
BRDA:23,3339,1,0
BRDA:23,3340,0,0
BRDA:23,3340,1,0
BRDA:23,3341,0,0
BRDA:23,3341,1,0
BRDA:23,3342,0,0
BRDA:23,3342,1,0
BRDA:23,3343,0,0
BRDA:23,3343,1,0
BRDA:23,3344,0,0
BRDA:23,3344,1,0
BRDA:23,3345,0,0
BRDA:23,3345,1,0
BRDA:23,3346,0,0
BRDA:23,3346,1,0
BRDA:23,3347,0,0
BRDA:23,3347,1,0
BRDA:23,3348,0,0
BRDA:23,3348,1,0
BRDA:23,3349,0,0
BRDA:23,3349,1,0
BRDA:23,3350,0,0
BRDA:23,3350,1,0
BRDA:23,3351,0,0
BRDA:23,3351,1,0
BRDA:23,3352,0,0
BRDA:23,3352,1,0
BRDA:23,3352,2,0
BRDA:23,3352,3,0
BRDA:23,3352,4,0
BRDA:23,3352,5,0
BRDA:23,3352,6,0
BRDA:23,3352,7,0
BRDA:23,3352,8,0
BRDA:23,3353,0,0
BRDA:23,3353,1,0
BRDA:23,3354,0,0
BRDA:23,3354,1,0
BRDA:23,3355,0,0
BRDA:23,3355,1,0
BRDA:23,3356,0,0
BRDA:23,3356,1,0
BRDA:23,3357,0,0
BRDA:23,3357,1,0
BRDA:23,3358,0,0
BRDA:23,3358,1,0
BRDA:23,3359,0,0
BRDA:23,3359,1,0
BRDA:23,3360,0,0
BRDA:23,3360,1,0
BRDA:23,3361,0,0
BRDA:23,3361,1,0
BRDA:23,3362,0,0
BRDA:23,3362,1,0
BRDA:23,3363,0,0
BRDA:23,3363,1,0
BRDA:23,3364,0,0
BRDA:23,3364,1,0
BRDA:23,3365,0,0
BRDA:23,3365,1,0
BRDA:23,3366,0,0
BRDA:23,3366,1,0
BRDA:23,3367,0,0
BRDA:23,3367,1,0
BRDA:23,3368,0,0
BRDA:23,3368,1,0
BRDA:23,3369,0,0
BRDA:23,3369,1,0
BRDA:23,3370,0,0
BRDA:23,3370,1,0
BRDA:23,3371,0,0
BRDA:23,3371,1,0
BRDA:23,3372,0,0
BRDA:23,3372,1,0
BRDA:23,3372,2,0
BRDA:23,3372,3,0
BRDA:23,3373,0,0
BRDA:23,3373,1,0
BRDA:23,3374,0,0
BRDA:23,3374,1,0
BRDA:23,3374,2,0
BRDA:23,3374,3,0
BRDA:23,3375,0,0
BRDA:23,3375,1,0
BRDA:23,3376,0,0
BRDA:23,3376,1,0
BRDA:23,3377,0,0
BRDA:23,3377,1,0
BRDA:23,3378,0,0
BRDA:23,3378,1,0
BRDA:23,3379,0,0
BRDA:23,3379,1,0
BRDA:23,3380,0,0
BRDA:23,3380,1,0
BRDA:23,3381,0,0
BRDA:23,3381,1,0
BRDA:23,3382,0,0
BRDA:23,3382,1,0
BRDA:23,3383,0,0
BRDA:23,3383,1,0
BRDA:23,3383,2,0
BRDA:23,3384,0,0
BRDA:23,3384,1,0
BRDA:23,3385,0,0
BRDA:23,3385,1,0
BRDA:23,3385,2,0
BRDA:23,3385,3,0
BRDA:23,3385,4,0
BRDA:23,3385,5,0
BRDA:23,3385,6,0
BRDA:23,3385,7,0
BRDA:23,3385,8,0
BRDA:23,3385,9,0
BRDA:23,3386,0,0
BRDA:23,3386,1,0
BRDA:23,3387,0,0
BRDA:23,3387,1,0
BRDA:23,3388,0,0
BRDA:23,3388,1,0
BRDA:23,3388,2,0
BRDA:23,3389,0,0
BRDA:23,3389,1,0
BRDA:23,3390,0,0
BRDA:23,3390,1,0
BRDA:23,3390,2,0
BRDA:23,3390,3,0
BRDA:23,3390,4,0
BRDA:23,3390,5,0
BRDA:23,3390,6,0
BRDA:23,3390,7,0
BRDA:23,3390,8,0
BRDA:23,3390,9,0
BRDA:23,3391,0,0
BRDA:23,3391,1,0
BRDA:23,3392,0,0
BRDA:23,3392,1,0
BRDA:23,3393,0,0
BRDA:23,3393,1,0
BRDA:23,3394,0,0
BRDA:23,3394,1,0
BRDA:23,3395,0,0
BRDA:23,3395,1,0
BRDA:23,3396,0,0
BRDA:23,3396,1,0
BRDA:23,3397,0,0
BRDA:23,3397,1,0
BRDA:23,3398,0,0
BRDA:23,3398,1,0
BRDA:23,3399,0,0
BRDA:23,3399,1,0
BRDA:23,3400,0,0
BRDA:23,3400,1,0
BRDA:23,3401,0,0
BRDA:23,3401,1,0
BRDA:23,3402,0,0
BRDA:23,3402,1,0
BRDA:23,3403,0,0
BRDA:23,3403,1,0
BRDA:23,3404,0,0
BRDA:23,3404,1,0
BRDA:23,3405,0,0
BRDA:23,3405,1,0
BRDA:23,3406,0,0
BRDA:23,3406,1,0
BRDA:23,3407,0,0
BRDA:23,3407,1,0
BRDA:23,3408,0,0
BRDA:23,3408,1,0
BRDA:23,3409,0,0
BRDA:23,3409,1,0
BRDA:23,3410,0,0
BRDA:23,3410,1,0
BRDA:23,3411,0,0
BRDA:23,3411,1,0
BRDA:23,3412,0,0
BRDA:23,3412,1,0
BRDA:23,3413,0,0
BRDA:23,3413,1,0
BRDA:23,3414,0,0
BRDA:23,3414,1,0
BRDA:23,3415,0,0
BRDA:23,3415,1,0
BRDA:23,3416,0,0
BRDA:23,3416,1,0
BRDA:23,3417,0,0
BRDA:23,3417,1,0
BRDA:23,3417,2,0
BRDA:23,3417,3,0
BRDA:23,3417,4,0
BRDA:23,3417,5,0
BRDA:23,3417,6,0
BRDA:23,3418,0,0
BRDA:23,3418,1,0
BRDA:23,3419,0,0
BRDA:23,3419,1,0
BRDA:23,3420,0,0
BRDA:23,3420,1,0
BRDA:23,3420,2,0
BRDA:23,3421,0,0
BRDA:23,3421,1,0
BRDA:23,3421,2,0
BRDA:23,3422,0,0
BRDA:23,3422,1,0
BRDA:23,3422,2,0
BRDA:23,3422,3,0
BRDA:23,3422,4,0
BRDA:23,3422,5,0
BRDA:23,3422,6,0
BRDA:23,3423,0,0
BRDA:23,3423,1,0
BRDA:23,3424,0,0
BRDA:23,3424,1,0
BRDA:23,3425,0,0
BRDA:23,3425,1,0
BRDA:23,3426,0,0
BRDA:23,3426,1,0
BRDA:23,3427,0,0
BRDA:23,3427,1,0
BRDA:23,3427,2,0
BRDA:23,3427,3,0
BRDA:23,3427,4,0
BRDA:23,3427,5,0
BRDA:23,3427,6,0
BRDA:23,3427,7,0
BRDA:23,3427,8,0
BRDA:23,3427,9,0
BRDA:23,3427,10,0
BRDA:23,3427,11,0
BRDA:23,3427,12,0
BRDA:23,3427,13,0
BRDA:23,3427,14,0
BRDA:23,3427,15,0
BRDA:23,3427,16,0
BRDA:23,3427,17,0
BRDA:23,3427,18,0
BRDA:23,3427,19,0
BRDA:23,3427,20,0
BRDA:23,3427,21,0
BRDA:23,3427,22,0
BRDA:23,3428,0,0
BRDA:23,3428,1,0
BRDA:23,3429,0,0
BRDA:23,3429,1,0
BRDA:23,3430,0,0
BRDA:23,3430,1,0
BRDA:23,3431,0,0
BRDA:23,3431,1,0
BRDA:23,3432,0,0
BRDA:23,3432,1,0
BRDA:23,3433,0,0
BRDA:23,3433,1,0
BRDA:23,3434,0,0
BRDA:23,3434,1,0
BRDA:23,3435,0,0
BRDA:23,3435,1,0
BRDA:23,3436,0,0
BRDA:23,3436,1,0
BRDA:23,3437,0,0
BRDA:23,3437,1,0
BRDA:23,3438,0,0
BRDA:23,3438,1,0
BRDA:23,3439,0,0
BRDA:23,3439,1,0
BRDA:23,3440,0,0
BRDA:23,3440,1,0
BRDA:23,3441,0,0
BRDA:23,3441,1,0
BRDA:23,3442,0,0
BRDA:23,3442,1,0
BRDA:23,3443,0,0
BRDA:23,3443,1,0
BRDA:23,3444,0,0
BRDA:23,3444,1,0
BRDA:23,3445,0,0
BRDA:23,3445,1,0
BRDA:23,3446,0,0
BRDA:23,3446,1,0
BRDA:23,3447,0,0
BRDA:23,3447,1,0
BRDA:23,3447,2,0
BRDA:23,3448,0,0
BRDA:23,3448,1,0
BRDA:23,3449,0,0
BRDA:23,3449,1,0
BRDA:23,3450,0,0
BRDA:23,3450,1,0
BRDA:23,3451,0,0
BRDA:23,3451,1,0
BRDA:23,3452,0,0
BRDA:23,3452,1,0
BRDA:23,3453,0,0
BRDA:23,3453,1,0
BRDA:23,3454,0,0
BRDA:23,3454,1,0
BRDA:23,3455,0,0
BRDA:23,3455,1,0
BRDA:23,3456,0,0
BRDA:23,3456,1,0
BRDA:23,3457,0,0
BRDA:23,3457,1,0
BRDA:23,3458,0,0
BRDA:23,3458,1,0
BRDA:23,3459,0,0
BRDA:23,3459,1,0
BRDA:23,3460,0,0
BRDA:23,3460,1,0
BRDA:23,3461,0,0
BRDA:23,3461,1,0
BRDA:23,3462,0,0
BRDA:23,3462,1,0
BRDA:23,3462,2,0
BRDA:23,3463,0,0
BRDA:23,3463,1,0
BRDA:23,3463,2,0
BRDA:23,3464,0,0
BRDA:23,3464,1,0
BRDA:23,3465,0,0
BRDA:23,3465,1,0
BRDA:23,3466,0,0
BRDA:23,3466,1,0
BRDA:23,3467,0,0
BRDA:23,3467,1,0
BRDA:23,3468,0,0
BRDA:23,3468,1,0
BRDA:23,3468,2,0
BRDA:23,3469,0,0
BRDA:23,3469,1,0
BRDA:23,3470,0,0
BRDA:23,3470,1,0
BRDA:23,3471,0,0
BRDA:23,3471,1,0
BRDA:23,3472,0,0
BRDA:23,3472,1,0
BRDA:23,3472,2,0
BRDA:23,3472,3,0
BRDA:23,3472,4,0
BRDA:23,3472,5,0
BRDA:23,3473,0,0
BRDA:23,3473,1,0
BRDA:23,3474,0,0
BRDA:23,3474,1,0
BRDA:23,3475,0,0
BRDA:23,3475,1,0
BRDA:23,3476,0,0
BRDA:23,3476,1,0
BRDA:23,3477,0,0
BRDA:23,3477,1,0
BRDA:23,3478,0,0
BRDA:23,3478,1,0
BRDA:23,3479,0,0
BRDA:23,3479,1,0
BRDA:23,3480,0,0
BRDA:23,3480,1,0
BRDA:23,3481,0,0
BRDA:23,3481,1,0
BRDA:23,3482,0,0
BRDA:23,3482,1,0
BRDA:23,3483,0,0
BRDA:23,3483,1,0
BRDA:23,3484,0,0
BRDA:23,3484,1,0
BRDA:23,3485,0,0
BRDA:23,3485,1,0
BRDA:23,3486,0,0
BRDA:23,3486,1,0
BRDA:23,3487,0,0
BRDA:23,3487,1,0
BRDA:23,3488,0,0
BRDA:23,3488,1,0
BRDA:23,3489,0,0
BRDA:23,3489,1,0
BRDA:23,3490,0,0
BRDA:23,3490,1,0
BRDA:23,3491,0,0
BRDA:23,3491,1,0
BRDA:23,3492,0,0
BRDA:23,3492,1,0
BRDA:23,3493,0,0
BRDA:23,3493,1,0
BRDA:23,3494,0,0
BRDA:23,3494,1,0
BRDA:23,3495,0,0
BRDA:23,3495,1,0
BRDA:23,3496,0,0
BRDA:23,3496,1,0
BRDA:23,3497,0,0
BRDA:23,3497,1,0
BRDA:30,3498,0,0
BRDA:30,3498,1,0
BRDA:30,3498,2,0
BRDA:30,3498,3,0
BRDA:30,3499,0,0
BRDA:30,3499,1,0
BRDA:30,3499,2,0
BRDA:30,3500,0,0
BRDA:30,3500,1,0
BRDA:30,3501,0,0
BRDA:30,3501,1,0
BRDA:30,3502,0,0
BRDA:30,3502,1,0
BRDA:30,3503,0,0
BRDA:30,3503,1,0
BRDA:30,3504,0,0
BRDA:30,3504,1,0
BRDA:30,3505,0,0
BRDA:30,3505,1,0
BRDA:30,3506,0,0
BRDA:30,3506,1,0
BRDA:30,3507,0,0
BRDA:30,3507,1,0
BRDA:30,3508,0,0
BRDA:30,3508,1,0
BRDA:30,3509,0,0
BRDA:30,3509,1,0
BRDA:30,3510,0,0
BRDA:30,3510,1,0
BRDA:30,3511,0,0
BRDA:30,3511,1,0
BRDA:30,3512,0,0
BRDA:30,3512,1,0
BRDA:30,3513,0,0
BRDA:30,3513,1,0
BRDA:30,3513,2,0
BRDA:30,3514,0,0
BRDA:30,3514,1,0
BRDA:30,3514,2,0
BRDA:30,3515,0,0
BRDA:30,3515,1,0
BRDA:30,3516,0,0
BRDA:30,3516,1,0
BRDA:30,3517,0,0
BRDA:30,3517,1,0
BRDA:30,3518,0,0
BRDA:30,3518,1,0
BRDA:30,3519,0,0
BRDA:30,3519,1,0
BRDA:30,3520,0,0
BRDA:30,3520,1,0
BRDA:30,3520,2,0
BRDA:30,3520,3,0
BRDA:30,3520,4,0
BRDA:30,3520,5,0
BRDA:30,3520,6,0
BRDA:30,3521,0,0
BRDA:30,3521,1,0
BRDA:30,3522,0,0
BRDA:30,3522,1,0
BRDA:30,3523,0,0
BRDA:30,3523,1,0
BRDA:30,3524,0,0
BRDA:30,3524,1,0
BRDA:30,3525,0,0
BRDA:30,3525,1,0
BRDA:30,3526,0,0
BRDA:30,3526,1,0
BRDA:30,3527,0,0
BRDA:30,3527,1,0
BRDA:30,3528,0,0
BRDA:30,3528,1,0
BRDA:30,3529,0,0
BRDA:30,3529,1,0
BRDA:30,3530,0,0
BRDA:30,3530,1,0
BRDA:30,3531,0,0
BRDA:30,3531,1,0
BRDA:30,3532,0,0
BRDA:30,3532,1,0
BRDA:30,3532,2,0
BRDA:30,3532,3,0
BRDA:30,3532,4,0
BRDA:30,3532,5,0
BRDA:30,3533,0,0
BRDA:30,3533,1,0
BRDA:30,3534,0,0
BRDA:30,3534,1,0
BRDA:30,3535,0,0
BRDA:30,3535,1,0
BRDA:30,3536,0,0
BRDA:30,3536,1,0
BRDA:30,3537,0,0
BRDA:30,3537,1,0
BRDA:30,3538,0,0
BRDA:30,3538,1,0
BRDA:30,3539,0,0
BRDA:30,3539,1,0
BRDA:30,3540,0,0
BRDA:30,3540,1,0
BRDA:30,3541,0,0
BRDA:30,3541,1,0
BRDA:30,3541,2,0
BRDA:30,3541,3,0
BRDA:30,3541,4,0
BRDA:30,3542,0,0
BRDA:30,3542,1,0
BRDA:30,3543,0,0
BRDA:30,3543,1,0
BRDA:30,3544,0,0
BRDA:30,3544,1,0
BRDA:30,3545,0,0
BRDA:30,3545,1,0
BRDA:30,3546,0,0
BRDA:30,3546,1,0
BRDA:30,3547,0,0
BRDA:30,3547,1,0
BRDA:30,3548,0,0
BRDA:30,3548,1,0
BRDA:30,3549,0,0
BRDA:30,3549,1,0
BRDA:30,3550,0,0
BRDA:30,3550,1,0
BRDA:30,3551,0,0
BRDA:30,3551,1,0
BRDA:30,3552,0,0
BRDA:30,3552,1,0
BRDA:30,3552,2,0
BRDA:30,3552,3,0
BRDA:30,3552,4,0
BRDA:30,3553,0,0
BRDA:30,3553,1,0
BRDA:30,3554,0,0
BRDA:30,3554,1,0
BRDA:30,3555,0,0
BRDA:30,3555,1,0
BRDA:30,3556,0,0
BRDA:30,3556,1,0
BRDA:30,3557,0,0
BRDA:30,3557,1,0
BRDA:30,3558,0,0
BRDA:30,3558,1,0
BRDA:30,3559,0,0
BRDA:30,3559,1,0
BRDA:30,3560,0,0
BRDA:30,3560,1,0
BRDA:30,3561,0,0
BRDA:30,3561,1,0
BRDA:30,3562,0,0
BRDA:30,3562,1,0
BRDA:30,3563,0,0
BRDA:30,3563,1,0
BRDA:30,3563,2,0
BRDA:30,3564,0,0
BRDA:30,3564,1,0
BRDA:30,3565,0,0
BRDA:30,3565,1,0
BRDA:30,3565,2,0
BRDA:30,3565,3,0
BRDA:30,3565,4,0
BRDA:30,3565,5,0
BRDA:30,3565,6,0
BRDA:30,3565,7,0
BRDA:30,3566,0,0
BRDA:30,3566,1,0
BRDA:30,3567,0,0
BRDA:30,3567,1,0
BRDA:30,3568,0,0
BRDA:30,3568,1,0
BRDA:30,3569,0,0
BRDA:30,3569,1,0
BRDA:30,3570,0,0
BRDA:30,3570,1,0
BRDA:30,3571,0,0
BRDA:30,3571,1,0
BRDA:30,3571,2,0
BRDA:30,3572,0,0
BRDA:30,3572,1,0
BRDA:30,3573,0,0
BRDA:30,3573,1,0
BRDA:30,3574,0,0
BRDA:30,3574,1,0
BRDA:30,3575,0,0
BRDA:30,3575,1,0
BRDA:30,3576,0,0
BRDA:30,3576,1,0
BRDA:30,3577,0,0
BRDA:30,3577,1,0
BRDA:30,3578,0,0
BRDA:30,3578,1,0
BRDA:30,3579,0,0
BRDA:30,3579,1,0
BRDA:30,3580,0,0
BRDA:30,3580,1,0
BRDA:30,3581,0,0
BRDA:30,3581,1,0
BRDA:30,3582,0,0
BRDA:30,3582,1,0
BRDA:30,3583,0,0
BRDA:30,3583,1,0
BRDA:30,3584,0,0
BRDA:30,3584,1,0
BRDA:30,3585,0,0
BRDA:30,3585,1,0
BRDA:30,3586,0,0
BRDA:30,3586,1,0
BRDA:30,3587,0,0
BRDA:30,3587,1,0
BRDA:30,3588,0,0
BRDA:30,3588,1,0
BRDA:30,3589,0,0
BRDA:30,3589,1,0
BRDA:30,3590,0,0
BRDA:30,3590,1,0
BRDA:30,3591,0,0
BRDA:30,3591,1,0
BRDA:30,3592,0,0
BRDA:30,3592,1,0
BRDA:30,3593,0,0
BRDA:30,3593,1,0
BRDA:30,3594,0,0
BRDA:30,3594,1,0
BRDA:30,3595,0,0
BRDA:30,3595,1,0
BRDA:30,3596,0,0
BRDA:30,3596,1,0
BRDA:30,3597,0,0
BRDA:30,3597,1,0
BRDA:30,3598,0,0
BRDA:30,3598,1,0
BRDA:30,3599,0,0
BRDA:30,3599,1,0
BRDA:30,3600,0,0
BRDA:30,3600,1,0
BRDA:30,3601,0,0
BRDA:30,3601,1,0
BRDA:30,3601,2,0
BRDA:30,3601,3,0
BRDA:30,3602,0,0
BRDA:30,3602,1,0
BRDA:30,3603,0,0
BRDA:30,3603,1,0
BRDA:30,3604,0,0
BRDA:30,3604,1,0
BRDA:30,3605,0,0
BRDA:30,3605,1,0
BRDA:30,3606,0,0
BRDA:30,3606,1,0
BRDA:30,3607,0,0
BRDA:30,3607,1,0
BRDA:30,3608,0,0
BRDA:30,3608,1,0
BRDA:30,3609,0,0
BRDA:30,3609,1,0
BRDA:30,3610,0,0
BRDA:30,3610,1,0
BRDA:30,3611,0,0
BRDA:30,3611,1,0
BRDA:30,3612,0,0
BRDA:30,3612,1,0
BRDA:30,3613,0,0
BRDA:30,3613,1,0
BRDA:30,3614,0,0
BRDA:30,3614,1,0
BRDA:30,3615,0,0
BRDA:30,3615,1,0
BRDA:30,3616,0,0
BRDA:30,3616,1,0
BRDA:30,3617,0,0
BRDA:30,3617,1,0
BRDA:30,3618,0,0
BRDA:30,3618,1,0
BRDA:30,3619,0,0
BRDA:30,3619,1,0
BRDA:30,3620,0,0
BRDA:30,3620,1,0
BRDA:30,3621,0,0
BRDA:30,3621,1,0
BRDA:30,3622,0,0
BRDA:30,3622,1,0
BRDA:30,3623,0,0
BRDA:30,3623,1,0
BRDA:30,3624,0,0
BRDA:30,3624,1,0
BRDA:30,3625,0,0
BRDA:30,3625,1,0
BRDA:30,3626,0,0
BRDA:30,3626,1,0
BRDA:30,3627,0,0
BRDA:30,3627,1,0
BRDA:30,3627,2,0
BRDA:30,3628,0,0
BRDA:30,3628,1,0
BRDA:30,3629,0,0
BRDA:30,3629,1,0
BRDA:30,3630,0,0
BRDA:30,3630,1,0
BRDA:30,3630,2,0
BRDA:30,3631,0,0
BRDA:30,3631,1,0
BRDA:30,3632,0,0
BRDA:30,3632,1,0
BRDA:30,3633,0,0
BRDA:30,3633,1,0
BRDA:30,3633,2,0
BRDA:30,3634,0,0
BRDA:30,3634,1,0
BRDA:30,3635,0,0
BRDA:30,3635,1,0
BRDA:30,3636,0,0
BRDA:30,3636,1,0
BRDA:30,3637,0,0
BRDA:30,3637,1,0
BRDA:30,3638,0,0
BRDA:30,3638,1,0
BRDA:30,3639,0,0
BRDA:30,3639,1,0
BRDA:30,3639,2,0
BRDA:30,3640,0,0
BRDA:30,3640,1,0
BRDA:30,3641,0,0
BRDA:30,3641,1,0
BRDA:30,3642,0,0
BRDA:30,3642,1,0
BRDA:30,3643,0,0
BRDA:30,3643,1,0
BRDA:30,3644,0,0
BRDA:30,3644,1,0
BRDA:30,3645,0,0
BRDA:30,3645,1,0
BRDA:30,3646,0,0
BRDA:30,3646,1,0
BRDA:30,3647,0,0
BRDA:30,3647,1,0
BRDA:30,3648,0,0
BRDA:30,3648,1,0
BRDA:30,3649,0,0
BRDA:30,3649,1,0
BRDA:30,3650,0,0
BRDA:30,3650,1,0
BRDA:30,3651,0,0
BRDA:30,3651,1,0
BRDA:30,3652,0,0
BRDA:30,3652,1,0
BRDA:30,3652,2,0
BRDA:30,3653,0,0
BRDA:30,3653,1,0
BRDA:30,3654,0,0
BRDA:30,3654,1,0
BRDA:30,3655,0,0
BRDA:30,3655,1,0
BRDA:30,3656,0,0
BRDA:30,3656,1,0
BRDA:30,3657,0,0
BRDA:30,3657,1,0
BRDA:30,3658,0,0
BRDA:30,3658,1,0
BRDA:30,3659,0,0
BRDA:30,3659,1,0
BRDA:30,3660,0,0
BRDA:30,3660,1,0
BRDA:30,3661,0,0
BRDA:30,3661,1,0
BRDA:30,3661,2,0
BRDA:30,3662,0,0
BRDA:30,3662,1,0
BRDA:30,3663,0,0
BRDA:30,3663,1,0
BRDA:30,3664,0,0
BRDA:30,3664,1,0
BRDA:30,3665,0,0
BRDA:30,3665,1,0
BRF:8232
BRH:0
end_of_record
TN:
SF:/Users/iasmina/Desktop/vue-movie-app/src/main.js
FN:24,(anonymous_0)
FN:30,(anonymous_1)
FN:43,(anonymous_2)
FNF:3
FNH:0
FNDA:0,(anonymous_0)
FNDA:0,(anonymous_1)
FNDA:0,(anonymous_2)
DA:13,0
DA:15,0
DA:16,0
DA:17,0
DA:18,0
DA:20,0
DA:21,0
DA:22,0
DA:24,0
DA:25,0
DA:26,0
DA:30,0
DA:38,0
DA:40,0
DA:43,0
LF:15
LH:0
BRDA:25,0,0,0
BRDA:25,0,1,0
BRF:2
BRH:0
end_of_record
TN:
SF:/Users/iasmina/Desktop/vue-movie-app/src/router.js
FNF:0
FNH:0
DA:8,0
DA:45,0
LF:2
LH:0
BRF:0
BRH:0
end_of_record
TN:
SF:/Users/iasmina/Desktop/vue-movie-app/src/storage.js
FN:31,(anonymous_0)
FNF:1
FNH:0
FNDA:0,(anonymous_0)
DA:1,0
DA:31,0
DA:32,0
LF:3
LH:0
BRF:0
BRH:0
end_of_record
TN:
SF:/Users/iasmina/Desktop/vue-movie-app/src/store.js
FNF:0
FNH:0
DA:4,0
LF:1
LH:0
BRF:0
BRH:0
end_of_record
